mode: atomic
github.com/zcubbs/hotpot/cmd/cli/main.go:11.13,15.2 3 0
github.com/zcubbs/hotpot/cmd/cli/main.go:17.13,19.2 1 0
github.com/zcubbs/hotpot/cmd/cli/cmd/root.go:30.48,32.4 1 0
github.com/zcubbs/hotpot/cmd/cli/cmd/root.go:39.48,41.4 1 0
github.com/zcubbs/hotpot/cmd/cli/cmd/root.go:45.16,46.42 1 0
github.com/zcubbs/hotpot/cmd/cli/cmd/root.go:46.42,49.3 2 0
github.com/zcubbs/hotpot/cmd/cli/cmd/root.go:52.13,62.2 8 0
github.com/zcubbs/hotpot/cmd/cli/cmd/root.go:64.14,71.2 6 0
github.com/zcubbs/hotpot/cmd/cli/cmd/root.go:73.26,75.2 1 0
github.com/zcubbs/hotpot/cmd/cli/cmd/root.go:77.30,83.2 1 0
github.com/zcubbs/hotpot/cmd/cli/cmd/root.go:85.30,94.2 1 0
github.com/zcubbs/hotpot/cmd/cli/cmd/cook/cook.go:22.47,25.3 2 0
github.com/zcubbs/hotpot/cmd/cli/cmd/cook/cook.go:28.38,29.22 1 0
github.com/zcubbs/hotpot/cmd/cli/cmd/cook/cook.go:29.22,33.39 2 0
github.com/zcubbs/hotpot/cmd/cli/cmd/cook/cook.go:33.39,38.6 4 0
github.com/zcubbs/hotpot/cmd/cli/cmd/cook/cook.go:39.40,41.6 1 0
github.com/zcubbs/hotpot/cmd/cli/cmd/cook/cook.go:47.13,51.2 2 0
github.com/zcubbs/hotpot/cmd/cli/cmd/kc/kc.go:19.47,22.3 2 0
github.com/zcubbs/hotpot/cmd/cli/cmd/kc/kc.go:25.41,26.22 1 0
github.com/zcubbs/hotpot/cmd/cli/cmd/kc/kc.go:26.22,28.17 2 0
github.com/zcubbs/hotpot/cmd/cli/cmd/kc/kc.go:28.17,30.4 1 0
github.com/zcubbs/hotpot/cmd/cli/cmd/kc/kc.go:32.3,32.15 1 0
github.com/zcubbs/hotpot/cmd/cli/cmd/kc/kc.go:32.15,34.18 2 0
github.com/zcubbs/hotpot/cmd/cli/cmd/kc/kc.go:34.18,36.5 1 0
github.com/zcubbs/hotpot/cmd/cli/cmd/kc/kc.go:37.9,39.4 1 0
github.com/zcubbs/hotpot/cmd/cli/cmd/kc/kc.go:41.3,41.13 1 0
github.com/zcubbs/hotpot/cmd/cli/cmd/kc/kc.go:45.13,47.2 1 0
github.com/zcubbs/hotpot/cmd/cli/cmd/kc/kubeconfig.go:8.61,14.16 2 0
github.com/zcubbs/hotpot/cmd/cli/cmd/kc/kubeconfig.go:14.16,16.3 1 0
github.com/zcubbs/hotpot/cmd/cli/cmd/kc/kubeconfig.go:18.2,19.16 2 0
github.com/zcubbs/hotpot/cmd/cli/cmd/kc/kubeconfig.go:19.16,21.3 1 0
github.com/zcubbs/hotpot/cmd/cli/cmd/kc/kubeconfig.go:23.2,25.47 3 0
github.com/zcubbs/hotpot/cmd/cli/cmd/kc/kubeconfig.go:25.47,27.3 1 0
github.com/zcubbs/hotpot/cmd/cli/cmd/kc/kubeconfig.go:29.2,29.15 1 0
github.com/zcubbs/hotpot/cmd/cli/cmd/kc/kubeconfig.go:29.15,32.3 2 0
github.com/zcubbs/hotpot/cmd/cli/cmd/kc/kubeconfig.go:34.2,35.47 2 0
github.com/zcubbs/hotpot/cmd/cli/cmd/kc/kubeconfig.go:35.47,37.3 1 0
github.com/zcubbs/hotpot/cmd/cli/cmd/kc/kubeconfig.go:39.2,39.15 1 0
github.com/zcubbs/hotpot/cmd/cli/cmd/kc/kubeconfig.go:39.15,42.3 2 0
github.com/zcubbs/hotpot/cmd/cli/cmd/kc/kubeconfig.go:44.2,45.14 2 0
github.com/zcubbs/hotpot/cmd/cli/cmd/kc/kubeconfig.go:45.14,47.3 1 0
github.com/zcubbs/hotpot/cmd/cli/cmd/kc/kubeconfig.go:49.2,50.16 2 0
github.com/zcubbs/hotpot/cmd/cli/cmd/kc/kubeconfig.go:53.39,55.16 2 0
github.com/zcubbs/hotpot/cmd/cli/cmd/kc/kubeconfig.go:55.16,57.3 1 0
github.com/zcubbs/hotpot/cmd/cli/cmd/kc/kubeconfig.go:58.2,58.18 1 0
github.com/zcubbs/hotpot/cmd/cli/cmd/syncd/config.go:14.54,19.17 4 0
github.com/zcubbs/hotpot/cmd/cli/cmd/syncd/config.go:19.17,21.4 1 0
github.com/zcubbs/hotpot/cmd/cli/cmd/syncd/config.go:23.3,23.55 1 0
github.com/zcubbs/hotpot/cmd/cli/cmd/syncd/config.go:23.55,25.4 1 0
github.com/zcubbs/hotpot/cmd/cli/cmd/syncd/config.go:27.3,27.13 1 0
github.com/zcubbs/hotpot/cmd/cli/cmd/syncd/disable.go:13.54,16.43 2 0
github.com/zcubbs/hotpot/cmd/cli/cmd/syncd/disable.go:16.43,18.4 1 0
github.com/zcubbs/hotpot/cmd/cli/cmd/syncd/disable.go:20.3,21.13 2 0
github.com/zcubbs/hotpot/cmd/cli/cmd/syncd/enable.go:13.54,16.42 2 0
github.com/zcubbs/hotpot/cmd/cli/cmd/syncd/enable.go:16.42,18.4 1 0
github.com/zcubbs/hotpot/cmd/cli/cmd/syncd/enable.go:20.3,21.17 2 0
github.com/zcubbs/hotpot/cmd/cli/cmd/syncd/enable.go:21.17,23.4 1 0
github.com/zcubbs/hotpot/cmd/cli/cmd/syncd/enable.go:25.3,26.13 2 0
github.com/zcubbs/hotpot/cmd/cli/cmd/syncd/syncd.go:14.13,18.2 3 0
github.com/zcubbs/hotpot/cmd/cli/cmd/eightysix/eightysix.go:21.47,23.47 2 0
github.com/zcubbs/hotpot/cmd/cli/cmd/eightysix/eightysix.go:23.47,25.4 1 0
github.com/zcubbs/hotpot/cmd/cli/cmd/eightysix/eightysix.go:29.39,31.13 1 0
github.com/zcubbs/hotpot/cmd/cli/cmd/eightysix/eightysix.go:31.13,35.17 4 0
github.com/zcubbs/hotpot/cmd/cli/cmd/eightysix/eightysix.go:35.17,37.4 1 0
github.com/zcubbs/hotpot/cmd/cli/cmd/eightysix/eightysix.go:38.3,38.22 1 0
github.com/zcubbs/hotpot/cmd/cli/cmd/eightysix/eightysix.go:38.22,41.4 2 0
github.com/zcubbs/hotpot/cmd/cli/cmd/eightysix/eightysix.go:44.2,44.39 1 0
github.com/zcubbs/hotpot/cmd/cli/cmd/eightysix/eightysix.go:44.39,48.80 4 0
github.com/zcubbs/hotpot/cmd/cli/cmd/eightysix/eightysix.go:48.80,50.4 1 0
github.com/zcubbs/hotpot/cmd/cli/cmd/eightysix/eightysix.go:53.3,53.36 1 0
github.com/zcubbs/hotpot/cmd/cli/cmd/eightysix/eightysix.go:53.36,56.18 3 0
github.com/zcubbs/hotpot/cmd/cli/cmd/eightysix/eightysix.go:56.18,58.5 1 0
github.com/zcubbs/hotpot/cmd/cli/cmd/eightysix/eightysix.go:60.3,61.13 2 0
github.com/zcubbs/hotpot/cmd/cli/cmd/eightysix/eightysix.go:65.33,68.16 2 0
github.com/zcubbs/hotpot/cmd/cli/cmd/eightysix/eightysix.go:68.16,70.3 1 0
github.com/zcubbs/hotpot/cmd/cli/cmd/eightysix/eightysix.go:72.2,72.12 1 0
github.com/zcubbs/hotpot/cmd/cli/cmd/eightysix/eightysix.go:75.13,78.2 2 0
github.com/zcubbs/hotpot/pkg/crypto/sops/install.go:9.46,10.22 1 0
github.com/zcubbs/hotpot/pkg/crypto/sops/install.go:11.17,13.35 1 0
github.com/zcubbs/hotpot/pkg/crypto/sops/install.go:14.16,16.34 1 0
github.com/zcubbs/hotpot/pkg/crypto/sops/install.go:17.15,19.151 1 0
github.com/zcubbs/hotpot/pkg/crypto/sops/install.go:20.10,21.56 1 0
github.com/zcubbs/hotpot/pkg/crypto/sops/sops.go:10.60,13.16 2 0
github.com/zcubbs/hotpot/pkg/crypto/sops/sops.go:13.16,15.3 1 0
github.com/zcubbs/hotpot/pkg/crypto/sops/sops.go:16.2,19.59 2 0
github.com/zcubbs/hotpot/pkg/crypto/sops/sops.go:19.59,21.3 1 0
github.com/zcubbs/hotpot/pkg/crypto/sops/sops.go:22.2,23.16 2 0
github.com/zcubbs/hotpot/pkg/crypto/sops/sops.go:23.16,25.3 1 0
github.com/zcubbs/hotpot/pkg/crypto/sops/sops.go:28.2,29.16 2 0
github.com/zcubbs/hotpot/pkg/crypto/sops/sops.go:29.16,31.3 1 0
github.com/zcubbs/hotpot/pkg/crypto/sops/sops.go:33.2,33.23 1 0
github.com/zcubbs/hotpot/pkg/crypto/sops/sops.go:37.61,40.16 2 0
github.com/zcubbs/hotpot/pkg/crypto/sops/sops.go:40.16,42.3 1 0
github.com/zcubbs/hotpot/pkg/crypto/sops/sops.go:43.2,46.59 2 0
github.com/zcubbs/hotpot/pkg/crypto/sops/sops.go:46.59,48.3 1 0
github.com/zcubbs/hotpot/pkg/crypto/sops/sops.go:49.2,50.16 2 0
github.com/zcubbs/hotpot/pkg/crypto/sops/sops.go:50.16,52.3 1 0
github.com/zcubbs/hotpot/pkg/crypto/sops/sops.go:55.2,56.16 2 0
github.com/zcubbs/hotpot/pkg/crypto/sops/sops.go:56.16,58.3 1 0
github.com/zcubbs/hotpot/pkg/crypto/sops/sops.go:60.2,60.23 1 0
github.com/zcubbs/hotpot/pkg/crypto/sops/sops.go:64.54,67.16 3 0
github.com/zcubbs/hotpot/pkg/crypto/sops/sops.go:67.16,69.3 1 0
github.com/zcubbs/hotpot/pkg/crypto/sops/sops.go:70.2,70.28 1 0
github.com/zcubbs/hotpot/pkg/go-k8s/argocd/application.go:33.78,34.42 1 0
github.com/zcubbs/hotpot/pkg/go-k8s/argocd/application.go:34.42,36.3 1 0
github.com/zcubbs/hotpot/pkg/go-k8s/argocd/application.go:38.2,38.11 1 0
github.com/zcubbs/hotpot/pkg/go-k8s/argocd/application.go:38.11,40.3 1 0
github.com/zcubbs/hotpot/pkg/go-k8s/argocd/application.go:42.2,42.23 1 0
github.com/zcubbs/hotpot/pkg/go-k8s/argocd/application.go:42.23,44.3 1 0
github.com/zcubbs/hotpot/pkg/go-k8s/argocd/application.go:47.2,47.15 1 0
github.com/zcubbs/hotpot/pkg/go-k8s/argocd/application.go:47.15,50.17 2 0
github.com/zcubbs/hotpot/pkg/go-k8s/argocd/application.go:50.17,52.4 1 0
github.com/zcubbs/hotpot/pkg/go-k8s/argocd/application.go:53.3,53.13 1 0
github.com/zcubbs/hotpot/pkg/go-k8s/argocd/application.go:56.2,56.76 1 0
github.com/zcubbs/hotpot/pkg/go-k8s/argocd/application.go:59.42,60.30 1 0
github.com/zcubbs/hotpot/pkg/go-k8s/argocd/application.go:60.30,62.3 1 0
github.com/zcubbs/hotpot/pkg/go-k8s/argocd/application.go:64.2,64.41 1 0
github.com/zcubbs/hotpot/pkg/go-k8s/argocd/application.go:64.41,66.3 1 0
github.com/zcubbs/hotpot/pkg/go-k8s/argocd/application.go:68.2,68.51 1 0
github.com/zcubbs/hotpot/pkg/go-k8s/argocd/application.go:68.51,70.3 1 0
github.com/zcubbs/hotpot/pkg/go-k8s/argocd/application.go:72.2,72.29 1 0
github.com/zcubbs/hotpot/pkg/go-k8s/argocd/application.go:72.29,74.3 1 0
github.com/zcubbs/hotpot/pkg/go-k8s/argocd/application.go:76.2,76.25 1 0
github.com/zcubbs/hotpot/pkg/go-k8s/argocd/application.go:76.25,78.3 1 0
github.com/zcubbs/hotpot/pkg/go-k8s/argocd/application.go:80.2,80.12 1 0
github.com/zcubbs/hotpot/pkg/go-k8s/argocd/argocd.go:31.66,32.47 1 0
github.com/zcubbs/hotpot/pkg/go-k8s/argocd/argocd.go:32.47,34.3 1 0
github.com/zcubbs/hotpot/pkg/go-k8s/argocd/argocd.go:37.2,44.16 6 0
github.com/zcubbs/hotpot/pkg/go-k8s/argocd/argocd.go:44.16,46.3 1 0
github.com/zcubbs/hotpot/pkg/go-k8s/argocd/argocd.go:49.2,59.16 2 0
github.com/zcubbs/hotpot/pkg/go-k8s/argocd/argocd.go:59.16,61.3 1 0
github.com/zcubbs/hotpot/pkg/go-k8s/argocd/argocd.go:64.2,80.16 4 0
github.com/zcubbs/hotpot/pkg/go-k8s/argocd/argocd.go:80.16,82.3 1 0
github.com/zcubbs/hotpot/pkg/go-k8s/argocd/argocd.go:85.2,88.16 2 0
github.com/zcubbs/hotpot/pkg/go-k8s/argocd/argocd.go:88.16,90.3 1 0
github.com/zcubbs/hotpot/pkg/go-k8s/argocd/argocd.go:93.2,96.16 2 0
github.com/zcubbs/hotpot/pkg/go-k8s/argocd/argocd.go:96.16,98.3 1 0
github.com/zcubbs/hotpot/pkg/go-k8s/argocd/argocd.go:100.2,100.12 1 0
github.com/zcubbs/hotpot/pkg/go-k8s/argocd/argocd.go:103.53,111.2 5 0
github.com/zcubbs/hotpot/pkg/go-k8s/argocd/argocd.go:121.72,123.16 2 0
github.com/zcubbs/hotpot/pkg/go-k8s/argocd/argocd.go:123.16,125.3 1 0
github.com/zcubbs/hotpot/pkg/go-k8s/argocd/argocd.go:127.2,127.62 1 0
github.com/zcubbs/hotpot/pkg/go-k8s/argocd/argocd.go:127.62,128.12 1 0
github.com/zcubbs/hotpot/pkg/go-k8s/argocd/argocd.go:128.12,130.4 1 0
github.com/zcubbs/hotpot/pkg/go-k8s/argocd/argocd.go:132.3,132.13 1 0
github.com/zcubbs/hotpot/pkg/go-k8s/argocd/argocd.go:135.2,136.16 2 0
github.com/zcubbs/hotpot/pkg/go-k8s/argocd/argocd.go:136.16,138.3 1 0
github.com/zcubbs/hotpot/pkg/go-k8s/argocd/argocd.go:139.2,159.16 2 0
github.com/zcubbs/hotpot/pkg/go-k8s/argocd/argocd.go:159.16,161.3 1 0
github.com/zcubbs/hotpot/pkg/go-k8s/argocd/argocd.go:163.2,173.16 2 0
github.com/zcubbs/hotpot/pkg/go-k8s/argocd/argocd.go:173.16,175.3 1 0
github.com/zcubbs/hotpot/pkg/go-k8s/argocd/argocd.go:178.2,189.16 4 0
github.com/zcubbs/hotpot/pkg/go-k8s/argocd/argocd.go:189.16,191.3 1 0
github.com/zcubbs/hotpot/pkg/go-k8s/argocd/argocd.go:193.2,193.12 1 0
github.com/zcubbs/hotpot/pkg/go-k8s/argocd/argocd.go:196.52,199.2 2 0
github.com/zcubbs/hotpot/pkg/go-k8s/argocd/argocd.go:201.42,202.31 1 0
github.com/zcubbs/hotpot/pkg/go-k8s/argocd/argocd.go:202.31,204.3 1 0
github.com/zcubbs/hotpot/pkg/go-k8s/argocd/argocd.go:205.2,205.12 1 0
github.com/zcubbs/hotpot/pkg/go-k8s/argocd/argocd.go:208.114,210.16 2 0
github.com/zcubbs/hotpot/pkg/go-k8s/argocd/argocd.go:210.16,212.3 1 0
github.com/zcubbs/hotpot/pkg/go-k8s/argocd/argocd.go:214.2,214.26 1 0
github.com/zcubbs/hotpot/pkg/go-k8s/argocd/argocd.go:214.26,216.3 1 0
github.com/zcubbs/hotpot/pkg/go-k8s/argocd/argocd.go:218.2,219.16 2 0
github.com/zcubbs/hotpot/pkg/go-k8s/argocd/argocd.go:219.16,221.3 1 0
github.com/zcubbs/hotpot/pkg/go-k8s/argocd/argocd.go:223.2,223.12 1 0
github.com/zcubbs/hotpot/pkg/go-k8s/argocd/cluster.go:18.65,19.29 1 0
github.com/zcubbs/hotpot/pkg/go-k8s/argocd/cluster.go:19.29,21.3 1 0
github.com/zcubbs/hotpot/pkg/go-k8s/argocd/cluster.go:23.2,24.16 2 0
github.com/zcubbs/hotpot/pkg/go-k8s/argocd/cluster.go:24.16,26.3 1 0
github.com/zcubbs/hotpot/pkg/go-k8s/argocd/cluster.go:28.2,38.16 3 0
github.com/zcubbs/hotpot/pkg/go-k8s/argocd/cluster.go:38.16,40.3 1 0
github.com/zcubbs/hotpot/pkg/go-k8s/argocd/cluster.go:41.2,41.12 1 0
github.com/zcubbs/hotpot/pkg/go-k8s/argocd/manager.go:6.85,8.2 1 0
github.com/zcubbs/hotpot/pkg/go-k8s/argocd/manager.go:10.72,12.2 1 0
github.com/zcubbs/hotpot/pkg/go-k8s/argocd/manager.go:14.93,16.2 1 0
github.com/zcubbs/hotpot/pkg/go-k8s/argocd/manager.go:18.97,20.2 1 0
github.com/zcubbs/hotpot/pkg/go-k8s/argocd/manager.go:22.96,24.2 1 0
github.com/zcubbs/hotpot/pkg/go-k8s/argocd/project.go:15.74,16.29 1 0
github.com/zcubbs/hotpot/pkg/go-k8s/argocd/project.go:16.29,18.3 1 0
github.com/zcubbs/hotpot/pkg/go-k8s/argocd/project.go:20.2,21.16 2 0
github.com/zcubbs/hotpot/pkg/go-k8s/argocd/project.go:21.16,23.3 1 0
github.com/zcubbs/hotpot/pkg/go-k8s/argocd/project.go:24.2,24.12 1 0
github.com/zcubbs/hotpot/pkg/go-k8s/argocd/repository.go:27.77,28.26 1 0
github.com/zcubbs/hotpot/pkg/go-k8s/argocd/repository.go:28.26,30.3 1 0
github.com/zcubbs/hotpot/pkg/go-k8s/argocd/repository.go:31.2,31.43 1 0
github.com/zcubbs/hotpot/pkg/go-k8s/argocd/repository.go:31.43,33.3 1 0
github.com/zcubbs/hotpot/pkg/go-k8s/argocd/repository.go:35.2,36.35 2 0
github.com/zcubbs/hotpot/pkg/go-k8s/argocd/repository.go:36.35,38.3 1 0
github.com/zcubbs/hotpot/pkg/go-k8s/argocd/repository.go:40.2,40.22 1 0
github.com/zcubbs/hotpot/pkg/go-k8s/argocd/repository.go:40.22,42.16 2 0
github.com/zcubbs/hotpot/pkg/go-k8s/argocd/repository.go:42.16,44.4 1 0
github.com/zcubbs/hotpot/pkg/go-k8s/argocd/repository.go:47.2,48.16 2 0
github.com/zcubbs/hotpot/pkg/go-k8s/argocd/repository.go:48.16,50.3 1 0
github.com/zcubbs/hotpot/pkg/go-k8s/argocd/repository.go:52.2,53.16 2 0
github.com/zcubbs/hotpot/pkg/go-k8s/argocd/repository.go:53.16,55.3 1 0
github.com/zcubbs/hotpot/pkg/go-k8s/argocd/repository.go:57.2,68.16 3 0
github.com/zcubbs/hotpot/pkg/go-k8s/argocd/repository.go:68.16,70.3 1 0
github.com/zcubbs/hotpot/pkg/go-k8s/argocd/repository.go:72.2,72.12 1 0
github.com/zcubbs/hotpot/pkg/go-k8s/certmanager/certmanager.go:59.66,60.11 1 0
github.com/zcubbs/hotpot/pkg/go-k8s/certmanager/certmanager.go:60.11,62.3 1 0
github.com/zcubbs/hotpot/pkg/go-k8s/certmanager/certmanager.go:64.2,64.48 1 0
github.com/zcubbs/hotpot/pkg/go-k8s/certmanager/certmanager.go:64.48,66.3 1 0
github.com/zcubbs/hotpot/pkg/go-k8s/certmanager/certmanager.go:69.2,81.16 2 0
github.com/zcubbs/hotpot/pkg/go-k8s/certmanager/certmanager.go:81.16,83.3 1 0
github.com/zcubbs/hotpot/pkg/go-k8s/certmanager/certmanager.go:85.2,88.16 3 0
github.com/zcubbs/hotpot/pkg/go-k8s/certmanager/certmanager.go:88.16,90.3 1 0
github.com/zcubbs/hotpot/pkg/go-k8s/certmanager/certmanager.go:92.2,99.16 6 0
github.com/zcubbs/hotpot/pkg/go-k8s/certmanager/certmanager.go:99.16,101.3 1 0
github.com/zcubbs/hotpot/pkg/go-k8s/certmanager/certmanager.go:103.2,113.16 2 0
github.com/zcubbs/hotpot/pkg/go-k8s/certmanager/certmanager.go:113.16,115.3 1 0
github.com/zcubbs/hotpot/pkg/go-k8s/certmanager/certmanager.go:119.2,130.16 4 0
github.com/zcubbs/hotpot/pkg/go-k8s/certmanager/certmanager.go:130.16,132.3 1 0
github.com/zcubbs/hotpot/pkg/go-k8s/certmanager/certmanager.go:135.2,135.51 1 0
github.com/zcubbs/hotpot/pkg/go-k8s/certmanager/certmanager.go:135.51,137.3 1 0
github.com/zcubbs/hotpot/pkg/go-k8s/certmanager/certmanager.go:140.2,140.37 1 0
github.com/zcubbs/hotpot/pkg/go-k8s/certmanager/certmanager.go:140.37,141.33 1 0
github.com/zcubbs/hotpot/pkg/go-k8s/certmanager/certmanager.go:141.33,143.37 1 0
github.com/zcubbs/hotpot/pkg/go-k8s/certmanager/certmanager.go:143.37,160.19 2 0
github.com/zcubbs/hotpot/pkg/go-k8s/certmanager/certmanager.go:160.19,162.6 1 0
github.com/zcubbs/hotpot/pkg/go-k8s/certmanager/certmanager.go:163.10,163.42 1 0
github.com/zcubbs/hotpot/pkg/go-k8s/certmanager/certmanager.go:163.42,183.19 2 0
github.com/zcubbs/hotpot/pkg/go-k8s/certmanager/certmanager.go:183.19,185.6 1 0
github.com/zcubbs/hotpot/pkg/go-k8s/certmanager/certmanager.go:187.5,188.19 2 0
github.com/zcubbs/hotpot/pkg/go-k8s/certmanager/certmanager.go:188.19,190.6 1 0
github.com/zcubbs/hotpot/pkg/go-k8s/certmanager/certmanager.go:191.10,193.5 1 0
github.com/zcubbs/hotpot/pkg/go-k8s/certmanager/certmanager.go:197.3,220.17 2 0
github.com/zcubbs/hotpot/pkg/go-k8s/certmanager/certmanager.go:220.17,222.4 1 0
github.com/zcubbs/hotpot/pkg/go-k8s/certmanager/certmanager.go:225.3,248.17 2 0
github.com/zcubbs/hotpot/pkg/go-k8s/certmanager/certmanager.go:248.17,250.4 1 0
github.com/zcubbs/hotpot/pkg/go-k8s/certmanager/certmanager.go:253.2,253.12 1 0
github.com/zcubbs/hotpot/pkg/go-k8s/certmanager/certmanager.go:256.53,262.2 4 0
github.com/zcubbs/hotpot/pkg/go-k8s/certmanager/certmanager.go:264.43,265.26 1 0
github.com/zcubbs/hotpot/pkg/go-k8s/certmanager/certmanager.go:265.26,267.3 1 0
github.com/zcubbs/hotpot/pkg/go-k8s/certmanager/certmanager.go:269.2,269.37 1 0
github.com/zcubbs/hotpot/pkg/go-k8s/certmanager/certmanager.go:269.37,270.42 1 0
github.com/zcubbs/hotpot/pkg/go-k8s/certmanager/certmanager.go:270.42,272.4 1 0
github.com/zcubbs/hotpot/pkg/go-k8s/certmanager/certmanager.go:274.3,274.51 1 0
github.com/zcubbs/hotpot/pkg/go-k8s/certmanager/certmanager.go:274.51,276.4 1 0
github.com/zcubbs/hotpot/pkg/go-k8s/certmanager/certmanager.go:279.2,279.12 1 0
github.com/zcubbs/hotpot/pkg/go-k8s/certmanager/certmanager.go:282.41,284.2 1 0
github.com/zcubbs/hotpot/pkg/go-k8s/certmanager/certmanager.go:286.46,287.32 1 0
github.com/zcubbs/hotpot/pkg/go-k8s/certmanager/certmanager.go:287.32,288.36 1 0
github.com/zcubbs/hotpot/pkg/go-k8s/certmanager/certmanager.go:288.36,291.18 2 0
github.com/zcubbs/hotpot/pkg/go-k8s/certmanager/certmanager.go:291.18,293.5 1 0
github.com/zcubbs/hotpot/pkg/go-k8s/certmanager/certmanager.go:294.4,295.18 2 0
github.com/zcubbs/hotpot/pkg/go-k8s/certmanager/certmanager.go:295.18,297.5 1 0
github.com/zcubbs/hotpot/pkg/go-k8s/certmanager/certmanager.go:298.4,299.18 2 0
github.com/zcubbs/hotpot/pkg/go-k8s/certmanager/certmanager.go:299.18,301.5 1 0
github.com/zcubbs/hotpot/pkg/go-k8s/certmanager/certmanager.go:302.4,303.18 2 0
github.com/zcubbs/hotpot/pkg/go-k8s/certmanager/certmanager.go:303.18,305.5 1 0
github.com/zcubbs/hotpot/pkg/go-k8s/certmanager/certmanager.go:306.4,307.18 2 0
github.com/zcubbs/hotpot/pkg/go-k8s/certmanager/certmanager.go:307.18,309.5 1 0
github.com/zcubbs/hotpot/pkg/go-k8s/certmanager/certmanager.go:312.4,312.27 1 0
github.com/zcubbs/hotpot/pkg/go-k8s/certmanager/certmanager.go:312.27,314.5 1 0
github.com/zcubbs/hotpot/pkg/go-k8s/certmanager/certmanager.go:316.4,316.31 1 0
github.com/zcubbs/hotpot/pkg/go-k8s/certmanager/certmanager.go:316.31,318.5 1 0
github.com/zcubbs/hotpot/pkg/go-k8s/certmanager/certmanager.go:320.4,320.32 1 0
github.com/zcubbs/hotpot/pkg/go-k8s/certmanager/certmanager.go:320.32,322.5 1 0
github.com/zcubbs/hotpot/pkg/go-k8s/certmanager/certmanager.go:324.4,324.33 1 0
github.com/zcubbs/hotpot/pkg/go-k8s/certmanager/certmanager.go:324.33,326.5 1 0
github.com/zcubbs/hotpot/pkg/go-k8s/certmanager/certmanager.go:328.4,328.27 1 0
github.com/zcubbs/hotpot/pkg/go-k8s/certmanager/certmanager.go:328.27,330.5 1 0
github.com/zcubbs/hotpot/pkg/go-k8s/certmanager/certmanager.go:332.4,336.43 5 0
github.com/zcubbs/hotpot/pkg/go-k8s/certmanager/certmanager.go:337.9,337.41 1 0
github.com/zcubbs/hotpot/pkg/go-k8s/certmanager/certmanager.go:337.41,346.25 6 0
github.com/zcubbs/hotpot/pkg/go-k8s/certmanager/certmanager.go:346.25,348.5 1 0
github.com/zcubbs/hotpot/pkg/go-k8s/certmanager/certmanager.go:350.4,350.31 1 0
github.com/zcubbs/hotpot/pkg/go-k8s/certmanager/certmanager.go:350.31,352.5 1 0
github.com/zcubbs/hotpot/pkg/go-k8s/certmanager/certmanager.go:354.4,354.34 1 0
github.com/zcubbs/hotpot/pkg/go-k8s/certmanager/certmanager.go:354.34,356.5 1 0
github.com/zcubbs/hotpot/pkg/go-k8s/certmanager/certmanager.go:358.4,358.28 1 0
github.com/zcubbs/hotpot/pkg/go-k8s/certmanager/certmanager.go:358.28,360.5 1 0
github.com/zcubbs/hotpot/pkg/go-k8s/certmanager/certmanager.go:362.4,362.21 1 0
github.com/zcubbs/hotpot/pkg/go-k8s/certmanager/certmanager.go:362.21,364.5 1 0
github.com/zcubbs/hotpot/pkg/go-k8s/certmanager/certmanager.go:366.4,369.45 4 0
github.com/zcubbs/hotpot/pkg/go-k8s/certmanager/certmanager.go:371.9,373.4 1 0
github.com/zcubbs/hotpot/pkg/go-k8s/certmanager/certmanager.go:376.2,376.12 1 0
github.com/zcubbs/hotpot/pkg/go-k8s/certmanager/certmanager.go:379.61,385.2 1 0
github.com/zcubbs/hotpot/pkg/go-k8s/certmanager/certmanager.go:387.51,389.29 2 0
github.com/zcubbs/hotpot/pkg/go-k8s/certmanager/certmanager.go:389.29,391.3 1 0
github.com/zcubbs/hotpot/pkg/go-k8s/certmanager/certmanager.go:392.2,392.17 1 0
github.com/zcubbs/hotpot/pkg/go-k8s/certmanager/certmanager.go:395.45,397.20 2 0
github.com/zcubbs/hotpot/pkg/go-k8s/certmanager/certmanager.go:397.20,399.3 1 0
github.com/zcubbs/hotpot/pkg/go-k8s/certmanager/certmanager.go:401.2,401.13 1 0
github.com/zcubbs/hotpot/pkg/go-k8s/certmanager/certmanager.go:404.65,406.33 2 0
github.com/zcubbs/hotpot/pkg/go-k8s/certmanager/certmanager.go:406.33,407.13 1 0
github.com/zcubbs/hotpot/pkg/go-k8s/certmanager/certmanager.go:407.13,409.4 1 0
github.com/zcubbs/hotpot/pkg/go-k8s/certmanager/certmanager.go:409.9,411.4 1 0
github.com/zcubbs/hotpot/pkg/go-k8s/certmanager/certmanager.go:413.2,413.15 1 0
github.com/zcubbs/hotpot/pkg/go-k8s/certmanager/certmanager.go:551.40,553.16 2 0
github.com/zcubbs/hotpot/pkg/go-k8s/certmanager/certmanager.go:553.16,554.51 1 0
github.com/zcubbs/hotpot/pkg/go-k8s/certmanager/certmanager.go:556.2,556.12 1 0
github.com/zcubbs/hotpot/pkg/go-k8s/certmanager/certmanager.go:562.73,573.16 2 0
github.com/zcubbs/hotpot/pkg/go-k8s/certmanager/certmanager.go:573.16,575.3 1 0
github.com/zcubbs/hotpot/pkg/go-k8s/certmanager/certmanager.go:578.2,584.16 6 0
github.com/zcubbs/hotpot/pkg/go-k8s/certmanager/certmanager.go:584.16,586.3 1 0
github.com/zcubbs/hotpot/pkg/go-k8s/certmanager/certmanager.go:589.2,612.16 2 0
github.com/zcubbs/hotpot/pkg/go-k8s/certmanager/certmanager.go:612.16,614.3 1 0
github.com/zcubbs/hotpot/pkg/go-k8s/certmanager/certmanager.go:616.2,619.16 3 0
github.com/zcubbs/hotpot/pkg/go-k8s/certmanager/certmanager.go:619.16,621.3 1 0
github.com/zcubbs/hotpot/pkg/go-k8s/certmanager/certmanager.go:623.2,633.16 2 0
github.com/zcubbs/hotpot/pkg/go-k8s/certmanager/certmanager.go:633.16,635.3 1 0
github.com/zcubbs/hotpot/pkg/go-k8s/certmanager/certmanager.go:637.2,637.12 1 0
github.com/zcubbs/hotpot/pkg/go-k8s/certmanager/manager.go:6.85,8.2 1 0
github.com/zcubbs/hotpot/pkg/go-k8s/certmanager/manager.go:10.72,12.2 1 0
github.com/zcubbs/hotpot/pkg/go-k8s/k9s/install.go:9.32,18.16 4 0
github.com/zcubbs/hotpot/pkg/go-k8s/k9s/install.go:18.16,20.3 1 0
github.com/zcubbs/hotpot/pkg/go-k8s/k9s/install.go:22.2,22.12 1 0
github.com/zcubbs/hotpot/pkg/go-k8s/k9s/install.go:26.34,32.16 4 0
github.com/zcubbs/hotpot/pkg/go-k8s/k9s/install.go:32.16,34.3 1 0
github.com/zcubbs/hotpot/pkg/go-k8s/k9s/install.go:36.2,36.12 1 0
github.com/zcubbs/hotpot/pkg/go-k8s/k9s/manager.go:6.51,8.2 1 0
github.com/zcubbs/hotpot/pkg/go-k8s/k9s/manager.go:10.53,12.2 1 0
github.com/zcubbs/hotpot/pkg/go-k8s/k3s/install.go:61.47,62.26 1 0
github.com/zcubbs/hotpot/pkg/go-k8s/k3s/install.go:62.26,64.3 1 0
github.com/zcubbs/hotpot/pkg/go-k8s/k3s/install.go:65.2,65.11 1 0
github.com/zcubbs/hotpot/pkg/go-k8s/k3s/install.go:65.11,67.3 1 0
github.com/zcubbs/hotpot/pkg/go-k8s/k3s/install.go:70.2,71.16 2 0
github.com/zcubbs/hotpot/pkg/go-k8s/k3s/install.go:71.16,73.3 1 0
github.com/zcubbs/hotpot/pkg/go-k8s/k3s/install.go:74.2,76.16 3 0
github.com/zcubbs/hotpot/pkg/go-k8s/k3s/install.go:76.16,78.3 1 0
github.com/zcubbs/hotpot/pkg/go-k8s/k3s/install.go:86.2,93.16 2 0
github.com/zcubbs/hotpot/pkg/go-k8s/k3s/install.go:93.16,98.3 1 0
github.com/zcubbs/hotpot/pkg/go-k8s/k3s/install.go:101.2,102.16 2 0
github.com/zcubbs/hotpot/pkg/go-k8s/k3s/install.go:102.16,106.3 1 0
github.com/zcubbs/hotpot/pkg/go-k8s/k3s/install.go:109.2,110.16 2 0
github.com/zcubbs/hotpot/pkg/go-k8s/k3s/install.go:110.16,112.3 1 0
github.com/zcubbs/hotpot/pkg/go-k8s/k3s/install.go:114.2,122.23 2 0
github.com/zcubbs/hotpot/pkg/go-k8s/k3s/install.go:122.23,126.3 1 0
github.com/zcubbs/hotpot/pkg/go-k8s/k3s/install.go:128.2,128.12 1 0
github.com/zcubbs/hotpot/pkg/go-k8s/k3s/install.go:131.90,134.16 2 0
github.com/zcubbs/hotpot/pkg/go-k8s/k3s/install.go:134.16,136.3 1 0
github.com/zcubbs/hotpot/pkg/go-k8s/k3s/install.go:139.2,140.16 2 0
github.com/zcubbs/hotpot/pkg/go-k8s/k3s/install.go:140.16,142.3 1 0
github.com/zcubbs/hotpot/pkg/go-k8s/k3s/install.go:143.2,143.25 1 0
github.com/zcubbs/hotpot/pkg/go-k8s/k3s/install.go:143.25,145.17 2 0
github.com/zcubbs/hotpot/pkg/go-k8s/k3s/install.go:145.17,146.14 1 0
github.com/zcubbs/hotpot/pkg/go-k8s/k3s/install.go:151.2,152.16 2 0
github.com/zcubbs/hotpot/pkg/go-k8s/k3s/install.go:152.16,154.3 1 0
github.com/zcubbs/hotpot/pkg/go-k8s/k3s/install.go:156.2,156.12 1 0
github.com/zcubbs/hotpot/pkg/go-k8s/k3s/install.go:159.34,165.16 2 0
github.com/zcubbs/hotpot/pkg/go-k8s/k3s/install.go:165.16,167.3 1 0
github.com/zcubbs/hotpot/pkg/go-k8s/k3s/install.go:169.2,169.12 1 0
github.com/zcubbs/hotpot/pkg/go-k8s/k3s/kubeconfig.go:9.58,13.16 3 0
github.com/zcubbs/hotpot/pkg/go-k8s/k3s/kubeconfig.go:13.16,15.3 1 0
github.com/zcubbs/hotpot/pkg/go-k8s/k3s/kubeconfig.go:17.2,17.21 1 0
github.com/zcubbs/hotpot/pkg/go-k8s/k3s/kubeconfig.go:17.21,19.3 1 0
github.com/zcubbs/hotpot/pkg/go-k8s/k3s/kubeconfig.go:22.2,28.12 3 0
github.com/zcubbs/hotpot/pkg/go-k8s/k3s/kubeconfig.go:31.56,34.16 2 0
github.com/zcubbs/hotpot/pkg/go-k8s/k3s/kubeconfig.go:34.16,36.3 1 0
github.com/zcubbs/hotpot/pkg/go-k8s/k3s/kubeconfig.go:37.2,37.39 1 0
github.com/zcubbs/hotpot/pkg/go-k8s/k3s/kubeconfig.go:40.80,42.2 1 0
github.com/zcubbs/hotpot/pkg/go-k8s/k3s/manager.go:6.63,8.2 1 0
github.com/zcubbs/hotpot/pkg/go-k8s/k3s/manager.go:10.53,12.2 1 0
github.com/zcubbs/hotpot/pkg/go-k8s/k3s/tools.go:15.35,16.11 1 0
github.com/zcubbs/hotpot/pkg/go-k8s/k3s/tools.go:16.11,18.3 1 0
github.com/zcubbs/hotpot/pkg/go-k8s/k3s/tools.go:21.2,31.16 2 0
github.com/zcubbs/hotpot/pkg/go-k8s/k3s/tools.go:31.16,33.3 1 0
github.com/zcubbs/hotpot/pkg/go-k8s/k3s/tools.go:36.2,37.16 2 0
github.com/zcubbs/hotpot/pkg/go-k8s/k3s/tools.go:37.16,39.3 1 0
github.com/zcubbs/hotpot/pkg/go-k8s/k3s/tools.go:42.2,48.16 2 0
github.com/zcubbs/hotpot/pkg/go-k8s/k3s/tools.go:48.16,50.3 1 0
github.com/zcubbs/hotpot/pkg/go-k8s/k3s/tools.go:53.2,54.16 2 0
github.com/zcubbs/hotpot/pkg/go-k8s/k3s/tools.go:54.16,56.3 1 0
github.com/zcubbs/hotpot/pkg/go-k8s/k3s/tools.go:58.2,58.12 1 0
github.com/zcubbs/hotpot/pkg/go-k8s/helm/chart.go:28.55,30.16 2 0
github.com/zcubbs/hotpot/pkg/go-k8s/helm/chart.go:30.16,32.3 1 0
github.com/zcubbs/hotpot/pkg/go-k8s/helm/chart.go:34.2,35.16 2 0
github.com/zcubbs/hotpot/pkg/go-k8s/helm/chart.go:35.16,37.3 1 0
github.com/zcubbs/hotpot/pkg/go-k8s/helm/chart.go:39.2,40.16 2 0
github.com/zcubbs/hotpot/pkg/go-k8s/helm/chart.go:40.16,42.3 1 0
github.com/zcubbs/hotpot/pkg/go-k8s/helm/chart.go:44.2,45.16 2 0
github.com/zcubbs/hotpot/pkg/go-k8s/helm/chart.go:45.16,47.3 1 0
github.com/zcubbs/hotpot/pkg/go-k8s/helm/chart.go:49.2,50.28 2 0
github.com/zcubbs/hotpot/pkg/go-k8s/helm/chart.go:50.28,52.3 1 0
github.com/zcubbs/hotpot/pkg/go-k8s/helm/chart.go:54.2,54.79 1 0
github.com/zcubbs/hotpot/pkg/go-k8s/helm/chart.go:54.79,56.3 1 0
github.com/zcubbs/hotpot/pkg/go-k8s/helm/chart.go:58.2,58.81 1 0
github.com/zcubbs/hotpot/pkg/go-k8s/helm/chart.go:58.81,60.3 1 0
github.com/zcubbs/hotpot/pkg/go-k8s/helm/chart.go:60.8,60.67 1 0
github.com/zcubbs/hotpot/pkg/go-k8s/helm/chart.go:60.67,62.3 1 0
github.com/zcubbs/hotpot/pkg/go-k8s/helm/chart.go:62.8,64.3 1 0
github.com/zcubbs/hotpot/pkg/go-k8s/helm/chart.go:67.68,73.43 2 0
github.com/zcubbs/hotpot/pkg/go-k8s/helm/chart.go:73.43,75.3 1 0
github.com/zcubbs/hotpot/pkg/go-k8s/helm/chart.go:76.2,76.26 1 0
github.com/zcubbs/hotpot/pkg/go-k8s/helm/chart.go:79.102,82.16 3 0
github.com/zcubbs/hotpot/pkg/go-k8s/helm/chart.go:82.16,84.3 1 0
github.com/zcubbs/hotpot/pkg/go-k8s/helm/chart.go:85.2,85.16 1 0
github.com/zcubbs/hotpot/pkg/go-k8s/helm/chart.go:88.112,90.30 2 0
github.com/zcubbs/hotpot/pkg/go-k8s/helm/chart.go:90.30,92.60 2 0
github.com/zcubbs/hotpot/pkg/go-k8s/helm/chart.go:92.60,94.4 1 0
github.com/zcubbs/hotpot/pkg/go-k8s/helm/chart.go:97.2,101.16 3 0
github.com/zcubbs/hotpot/pkg/go-k8s/helm/chart.go:101.16,103.3 1 0
github.com/zcubbs/hotpot/pkg/go-k8s/helm/chart.go:105.2,105.23 1 0
github.com/zcubbs/hotpot/pkg/go-k8s/helm/chart.go:108.107,109.49 1 0
github.com/zcubbs/hotpot/pkg/go-k8s/helm/chart.go:109.49,110.59 1 0
github.com/zcubbs/hotpot/pkg/go-k8s/helm/chart.go:110.59,122.39 3 0
github.com/zcubbs/hotpot/pkg/go-k8s/helm/chart.go:122.39,124.5 1 0
github.com/zcubbs/hotpot/pkg/go-k8s/helm/chart.go:127.2,127.12 1 0
github.com/zcubbs/hotpot/pkg/go-k8s/helm/chart.go:130.140,137.16 6 0
github.com/zcubbs/hotpot/pkg/go-k8s/helm/chart.go:137.16,139.3 1 0
github.com/zcubbs/hotpot/pkg/go-k8s/helm/chart.go:141.2,141.22 1 0
github.com/zcubbs/hotpot/pkg/go-k8s/helm/chart.go:141.22,143.3 1 0
github.com/zcubbs/hotpot/pkg/go-k8s/helm/chart.go:145.2,145.12 1 0
github.com/zcubbs/hotpot/pkg/go-k8s/helm/chart.go:148.137,153.16 4 0
github.com/zcubbs/hotpot/pkg/go-k8s/helm/chart.go:153.16,155.3 1 0
github.com/zcubbs/hotpot/pkg/go-k8s/helm/chart.go:157.2,157.22 1 0
github.com/zcubbs/hotpot/pkg/go-k8s/helm/chart.go:157.22,159.3 1 0
github.com/zcubbs/hotpot/pkg/go-k8s/helm/chart.go:161.2,161.12 1 0
github.com/zcubbs/hotpot/pkg/go-k8s/helm/chart.go:165.52,171.43 2 0
github.com/zcubbs/hotpot/pkg/go-k8s/helm/chart.go:171.43,173.3 1 0
github.com/zcubbs/hotpot/pkg/go-k8s/helm/chart.go:174.2,177.16 3 0
github.com/zcubbs/hotpot/pkg/go-k8s/helm/chart.go:177.16,179.3 1 0
github.com/zcubbs/hotpot/pkg/go-k8s/helm/chart.go:181.2,181.12 1 0
github.com/zcubbs/hotpot/pkg/go-k8s/helm/chart.go:184.56,185.26 1 0
github.com/zcubbs/hotpot/pkg/go-k8s/helm/chart.go:186.25,187.19 1 0
github.com/zcubbs/hotpot/pkg/go-k8s/helm/chart.go:189.2,189.80 1 0
github.com/zcubbs/hotpot/pkg/go-k8s/helm/cli.go:17.35,18.11 1 0
github.com/zcubbs/hotpot/pkg/go-k8s/helm/cli.go:18.11,20.3 1 0
github.com/zcubbs/hotpot/pkg/go-k8s/helm/cli.go:22.2,30.16 2 0
github.com/zcubbs/hotpot/pkg/go-k8s/helm/cli.go:30.16,32.3 1 0
github.com/zcubbs/hotpot/pkg/go-k8s/helm/cli.go:35.2,36.16 2 0
github.com/zcubbs/hotpot/pkg/go-k8s/helm/cli.go:36.16,38.3 1 0
github.com/zcubbs/hotpot/pkg/go-k8s/helm/cli.go:41.2,46.16 2 0
github.com/zcubbs/hotpot/pkg/go-k8s/helm/cli.go:46.16,48.3 1 0
github.com/zcubbs/hotpot/pkg/go-k8s/helm/cli.go:50.2,50.12 1 0
github.com/zcubbs/hotpot/pkg/go-k8s/helm/cli.go:53.38,60.16 2 0
github.com/zcubbs/hotpot/pkg/go-k8s/helm/cli.go:60.16,62.3 1 0
github.com/zcubbs/hotpot/pkg/go-k8s/helm/cli.go:63.2,63.18 1 0
github.com/zcubbs/hotpot/pkg/go-k8s/helm/client.go:11.26,15.2 1 0
github.com/zcubbs/hotpot/pkg/go-k8s/helm/debug.go:8.45,11.16 3 0
github.com/zcubbs/hotpot/pkg/go-k8s/helm/debug.go:11.16,13.3 1 0
github.com/zcubbs/hotpot/pkg/go-k8s/helm/debug.go:16.66,17.12 1 0
github.com/zcubbs/hotpot/pkg/go-k8s/helm/debug.go:17.12,19.3 1 0
github.com/zcubbs/hotpot/pkg/go-k8s/helm/debug.go:20.2,20.47 1 0
github.com/zcubbs/hotpot/pkg/go-k8s/helm/debug.go:20.48,22.3 0 0
github.com/zcubbs/hotpot/pkg/go-k8s/helm/install.go:9.32,18.16 4 0
github.com/zcubbs/hotpot/pkg/go-k8s/helm/install.go:18.16,20.3 1 0
github.com/zcubbs/hotpot/pkg/go-k8s/helm/install.go:22.2,22.12 1 0
github.com/zcubbs/hotpot/pkg/go-k8s/helm/install.go:26.34,32.16 4 0
github.com/zcubbs/hotpot/pkg/go-k8s/helm/install.go:32.16,34.3 1 0
github.com/zcubbs/hotpot/pkg/go-k8s/helm/install.go:36.2,36.12 1 0
github.com/zcubbs/hotpot/pkg/go-k8s/helm/manager.go:6.51,8.2 1 0
github.com/zcubbs/hotpot/pkg/go-k8s/helm/manager.go:10.54,12.2 1 0
github.com/zcubbs/hotpot/pkg/go-k8s/helm/manager.go:14.53,16.2 1 0
github.com/zcubbs/hotpot/pkg/go-k8s/helm/manager.go:18.57,20.2 1 0
github.com/zcubbs/hotpot/pkg/go-k8s/helm/queries.go:14.68,17.16 3 0
github.com/zcubbs/hotpot/pkg/go-k8s/helm/queries.go:17.16,19.3 1 0
github.com/zcubbs/hotpot/pkg/go-k8s/helm/queries.go:21.2,22.16 2 0
github.com/zcubbs/hotpot/pkg/go-k8s/helm/queries.go:22.16,24.3 1 0
github.com/zcubbs/hotpot/pkg/go-k8s/helm/queries.go:26.2,26.23 1 0
github.com/zcubbs/hotpot/pkg/go-k8s/helm/queries.go:29.93,34.16 5 0
github.com/zcubbs/hotpot/pkg/go-k8s/helm/queries.go:34.16,36.3 1 0
github.com/zcubbs/hotpot/pkg/go-k8s/helm/queries.go:38.2,38.31 1 0
github.com/zcubbs/hotpot/pkg/go-k8s/helm/queries.go:38.31,39.30 1 0
github.com/zcubbs/hotpot/pkg/go-k8s/helm/queries.go:39.30,41.4 1 0
github.com/zcubbs/hotpot/pkg/go-k8s/helm/queries.go:44.2,44.14 1 0
github.com/zcubbs/hotpot/pkg/go-k8s/helm/repo.go:20.59,22.16 2 0
github.com/zcubbs/hotpot/pkg/go-k8s/helm/repo.go:22.16,24.3 1 0
github.com/zcubbs/hotpot/pkg/go-k8s/helm/repo.go:25.2,25.23 1 0
github.com/zcubbs/hotpot/pkg/go-k8s/helm/repo.go:29.50,34.36 3 0
github.com/zcubbs/hotpot/pkg/go-k8s/helm/repo.go:34.36,36.3 1 0
github.com/zcubbs/hotpot/pkg/go-k8s/helm/repo.go:39.2,43.26 5 0
github.com/zcubbs/hotpot/pkg/go-k8s/helm/repo.go:43.26,44.37 1 0
github.com/zcubbs/hotpot/pkg/go-k8s/helm/repo.go:44.37,46.18 2 0
github.com/zcubbs/hotpot/pkg/go-k8s/helm/repo.go:46.18,48.5 1 0
github.com/zcubbs/hotpot/pkg/go-k8s/helm/repo.go:51.2,51.16 1 0
github.com/zcubbs/hotpot/pkg/go-k8s/helm/repo.go:51.16,53.3 1 0
github.com/zcubbs/hotpot/pkg/go-k8s/helm/repo.go:55.2,56.39 2 0
github.com/zcubbs/hotpot/pkg/go-k8s/helm/repo.go:56.39,58.3 1 0
github.com/zcubbs/hotpot/pkg/go-k8s/helm/repo.go:60.2,61.46 2 0
github.com/zcubbs/hotpot/pkg/go-k8s/helm/repo.go:61.46,63.3 1 0
github.com/zcubbs/hotpot/pkg/go-k8s/helm/repo.go:65.2,65.17 1 0
github.com/zcubbs/hotpot/pkg/go-k8s/helm/repo.go:65.17,68.3 1 0
github.com/zcubbs/hotpot/pkg/go-k8s/helm/repo.go:70.2,76.16 3 0
github.com/zcubbs/hotpot/pkg/go-k8s/helm/repo.go:76.16,78.3 1 0
github.com/zcubbs/hotpot/pkg/go-k8s/helm/repo.go:80.2,80.49 1 0
github.com/zcubbs/hotpot/pkg/go-k8s/helm/repo.go:80.49,83.3 2 0
github.com/zcubbs/hotpot/pkg/go-k8s/helm/repo.go:85.2,87.52 2 0
github.com/zcubbs/hotpot/pkg/go-k8s/helm/repo.go:87.52,89.3 1 0
github.com/zcubbs/hotpot/pkg/go-k8s/helm/repo.go:91.2,91.12 1 0
github.com/zcubbs/hotpot/pkg/go-k8s/helm/repo.go:95.37,99.66 3 0
github.com/zcubbs/hotpot/pkg/go-k8s/helm/repo.go:99.66,101.3 1 0
github.com/zcubbs/hotpot/pkg/go-k8s/helm/repo.go:102.2,103.37 2 0
github.com/zcubbs/hotpot/pkg/go-k8s/helm/repo.go:103.37,105.17 2 0
github.com/zcubbs/hotpot/pkg/go-k8s/helm/repo.go:105.17,107.4 1 0
github.com/zcubbs/hotpot/pkg/go-k8s/helm/repo.go:108.3,108.27 1 0
github.com/zcubbs/hotpot/pkg/go-k8s/helm/repo.go:111.2,111.22 1 0
github.com/zcubbs/hotpot/pkg/go-k8s/helm/repo.go:111.22,113.3 1 0
github.com/zcubbs/hotpot/pkg/go-k8s/helm/repo.go:114.2,115.27 2 0
github.com/zcubbs/hotpot/pkg/go-k8s/helm/repo.go:115.27,117.37 2 0
github.com/zcubbs/hotpot/pkg/go-k8s/helm/repo.go:117.37,119.24 2 0
github.com/zcubbs/hotpot/pkg/go-k8s/helm/repo.go:119.24,120.53 1 0
github.com/zcubbs/hotpot/pkg/go-k8s/helm/repo.go:120.53,122.6 1 0
github.com/zcubbs/hotpot/pkg/go-k8s/helm/repo.go:122.11,124.6 1 0
github.com/zcubbs/hotpot/pkg/go-k8s/helm/repo.go:128.2,129.22 2 0
github.com/zcubbs/hotpot/pkg/go-k8s/helm/repo.go:129.22,131.3 1 0
github.com/zcubbs/hotpot/pkg/go-k8s/helm/repo.go:133.2,133.12 1 0
github.com/zcubbs/hotpot/pkg/go-k8s/kubernetes/apply.go:11.77,13.2 1 0
github.com/zcubbs/hotpot/pkg/go-k8s/kubernetes/apply.go:15.102,17.16 2 0
github.com/zcubbs/hotpot/pkg/go-k8s/kubernetes/apply.go:17.16,19.3 1 0
github.com/zcubbs/hotpot/pkg/go-k8s/kubernetes/apply.go:22.2,28.11 3 0
github.com/zcubbs/hotpot/pkg/go-k8s/kubernetes/apply.go:28.11,30.3 1 0
github.com/zcubbs/hotpot/pkg/go-k8s/kubernetes/apply.go:33.2,34.16 2 0
github.com/zcubbs/hotpot/pkg/go-k8s/kubernetes/apply.go:34.16,36.3 1 0
github.com/zcubbs/hotpot/pkg/go-k8s/kubernetes/apply.go:38.2,39.22 2 0
github.com/zcubbs/hotpot/pkg/go-k8s/kubernetes/apply.go:39.22,41.17 2 0
github.com/zcubbs/hotpot/pkg/go-k8s/kubernetes/apply.go:41.17,43.4 1 0
github.com/zcubbs/hotpot/pkg/go-k8s/kubernetes/apply.go:44.8,46.17 2 0
github.com/zcubbs/hotpot/pkg/go-k8s/kubernetes/apply.go:46.17,48.4 1 0
github.com/zcubbs/hotpot/pkg/go-k8s/kubernetes/apply.go:52.2,53.16 2 0
github.com/zcubbs/hotpot/pkg/go-k8s/kubernetes/apply.go:53.16,55.3 1 0
github.com/zcubbs/hotpot/pkg/go-k8s/kubernetes/apply.go:56.2,56.12 1 0
github.com/zcubbs/hotpot/pkg/go-k8s/kubernetes/client.go:8.69,10.16 2 0
github.com/zcubbs/hotpot/pkg/go-k8s/kubernetes/client.go:10.16,12.3 1 0
github.com/zcubbs/hotpot/pkg/go-k8s/kubernetes/client.go:14.2,15.16 2 0
github.com/zcubbs/hotpot/pkg/go-k8s/kubernetes/client.go:15.16,17.3 1 0
github.com/zcubbs/hotpot/pkg/go-k8s/kubernetes/client.go:19.2,19.16 1 0
github.com/zcubbs/hotpot/pkg/go-k8s/kubernetes/cm.go:9.78,11.16 2 0
github.com/zcubbs/hotpot/pkg/go-k8s/kubernetes/cm.go:11.16,13.3 1 0
github.com/zcubbs/hotpot/pkg/go-k8s/kubernetes/cm.go:14.2,15.16 2 0
github.com/zcubbs/hotpot/pkg/go-k8s/kubernetes/cm.go:15.16,17.3 1 0
github.com/zcubbs/hotpot/pkg/go-k8s/kubernetes/cm.go:18.2,18.16 1 0
github.com/zcubbs/hotpot/pkg/go-k8s/kubernetes/cm.go:21.83,23.16 2 0
github.com/zcubbs/hotpot/pkg/go-k8s/kubernetes/cm.go:23.16,25.3 1 0
github.com/zcubbs/hotpot/pkg/go-k8s/kubernetes/cm.go:26.2,27.16 2 0
github.com/zcubbs/hotpot/pkg/go-k8s/kubernetes/cm.go:27.16,29.3 1 0
github.com/zcubbs/hotpot/pkg/go-k8s/kubernetes/cm.go:30.2,30.12 1 0
github.com/zcubbs/hotpot/pkg/go-k8s/kubernetes/cm.go:33.83,35.16 2 0
github.com/zcubbs/hotpot/pkg/go-k8s/kubernetes/cm.go:35.16,37.3 1 0
github.com/zcubbs/hotpot/pkg/go-k8s/kubernetes/cm.go:38.2,39.16 2 0
github.com/zcubbs/hotpot/pkg/go-k8s/kubernetes/cm.go:39.16,41.3 1 0
github.com/zcubbs/hotpot/pkg/go-k8s/kubernetes/cm.go:42.2,42.12 1 0
github.com/zcubbs/hotpot/pkg/go-k8s/kubernetes/namespace.go:10.67,12.16 2 0
github.com/zcubbs/hotpot/pkg/go-k8s/kubernetes/namespace.go:12.16,14.3 1 0
github.com/zcubbs/hotpot/pkg/go-k8s/kubernetes/namespace.go:16.2,16.31 1 0
github.com/zcubbs/hotpot/pkg/go-k8s/kubernetes/namespace.go:16.31,31.50 3 0
github.com/zcubbs/hotpot/pkg/go-k8s/kubernetes/namespace.go:31.50,33.4 1 0
github.com/zcubbs/hotpot/pkg/go-k8s/kubernetes/namespace.go:36.2,36.12 1 0
github.com/zcubbs/hotpot/pkg/go-k8s/kubernetes/pod.go:10.85,12.16 2 0
github.com/zcubbs/hotpot/pkg/go-k8s/kubernetes/pod.go:12.16,14.3 1 0
github.com/zcubbs/hotpot/pkg/go-k8s/kubernetes/pod.go:16.2,17.16 2 0
github.com/zcubbs/hotpot/pkg/go-k8s/kubernetes/pod.go:17.16,19.3 1 0
github.com/zcubbs/hotpot/pkg/go-k8s/kubernetes/pod.go:20.2,22.27 2 0
github.com/zcubbs/hotpot/pkg/go-k8s/kubernetes/pod.go:22.27,23.36 1 0
github.com/zcubbs/hotpot/pkg/go-k8s/kubernetes/pod.go:23.36,24.38 1 0
github.com/zcubbs/hotpot/pkg/go-k8s/kubernetes/pod.go:24.38,30.19 2 0
github.com/zcubbs/hotpot/pkg/go-k8s/kubernetes/pod.go:30.19,32.6 1 0
github.com/zcubbs/hotpot/pkg/go-k8s/kubernetes/pod.go:34.5,34.14 1 0
github.com/zcubbs/hotpot/pkg/go-k8s/kubernetes/pod.go:34.14,36.6 1 0
github.com/zcubbs/hotpot/pkg/go-k8s/kubernetes/pod.go:40.2,40.12 1 0
github.com/zcubbs/hotpot/pkg/go-k8s/kubernetes/pod.go:43.92,45.16 2 0
github.com/zcubbs/hotpot/pkg/go-k8s/kubernetes/pod.go:45.16,47.3 1 0
github.com/zcubbs/hotpot/pkg/go-k8s/kubernetes/pod.go:49.2,50.16 2 0
github.com/zcubbs/hotpot/pkg/go-k8s/kubernetes/pod.go:50.16,52.3 1 0
github.com/zcubbs/hotpot/pkg/go-k8s/kubernetes/pod.go:54.2,55.33 2 0
github.com/zcubbs/hotpot/pkg/go-k8s/kubernetes/pod.go:55.33,57.3 1 0
github.com/zcubbs/hotpot/pkg/go-k8s/kubernetes/pod.go:59.2,59.11 1 0
github.com/zcubbs/hotpot/pkg/go-k8s/kubernetes/pod.go:59.11,61.3 1 0
github.com/zcubbs/hotpot/pkg/go-k8s/kubernetes/pod.go:62.2,62.22 1 0
github.com/zcubbs/hotpot/pkg/go-k8s/kubernetes/pod.go:65.102,67.16 2 0
github.com/zcubbs/hotpot/pkg/go-k8s/kubernetes/pod.go:67.16,69.3 1 0
github.com/zcubbs/hotpot/pkg/go-k8s/kubernetes/pod.go:71.2,72.16 2 0
github.com/zcubbs/hotpot/pkg/go-k8s/kubernetes/pod.go:72.16,74.3 1 0
github.com/zcubbs/hotpot/pkg/go-k8s/kubernetes/pod.go:76.2,78.16 3 0
github.com/zcubbs/hotpot/pkg/go-k8s/kubernetes/pod.go:78.16,80.3 1 0
github.com/zcubbs/hotpot/pkg/go-k8s/kubernetes/pod.go:82.2,83.33 2 0
github.com/zcubbs/hotpot/pkg/go-k8s/kubernetes/pod.go:83.33,85.3 1 0
github.com/zcubbs/hotpot/pkg/go-k8s/kubernetes/pod.go:87.2,87.11 1 0
github.com/zcubbs/hotpot/pkg/go-k8s/kubernetes/pod.go:87.11,89.3 1 0
github.com/zcubbs/hotpot/pkg/go-k8s/kubernetes/pod.go:90.2,90.22 1 0
github.com/zcubbs/hotpot/pkg/go-k8s/kubernetes/secret.go:26.20,53.16 6 0
github.com/zcubbs/hotpot/pkg/go-k8s/kubernetes/secret.go:53.16,55.3 1 0
github.com/zcubbs/hotpot/pkg/go-k8s/kubernetes/secret.go:57.2,57.39 1 0
github.com/zcubbs/hotpot/pkg/go-k8s/kubernetes/secret.go:57.39,59.17 2 0
github.com/zcubbs/hotpot/pkg/go-k8s/kubernetes/secret.go:59.17,60.66 1 0
github.com/zcubbs/hotpot/pkg/go-k8s/kubernetes/secret.go:60.66,62.19 2 0
github.com/zcubbs/hotpot/pkg/go-k8s/kubernetes/secret.go:62.19,64.6 1 0
github.com/zcubbs/hotpot/pkg/go-k8s/kubernetes/secret.go:65.5,65.15 1 0
github.com/zcubbs/hotpot/pkg/go-k8s/kubernetes/secret.go:67.4,67.57 1 0
github.com/zcubbs/hotpot/pkg/go-k8s/kubernetes/secret.go:71.2,71.12 1 0
github.com/zcubbs/hotpot/pkg/go-k8s/kubernetes/secret.go:80.20,82.16 2 0
github.com/zcubbs/hotpot/pkg/go-k8s/kubernetes/secret.go:82.16,84.3 1 0
github.com/zcubbs/hotpot/pkg/go-k8s/kubernetes/secret.go:86.2,86.39 1 0
github.com/zcubbs/hotpot/pkg/go-k8s/kubernetes/secret.go:86.39,88.17 2 0
github.com/zcubbs/hotpot/pkg/go-k8s/kubernetes/secret.go:88.17,89.66 1 0
github.com/zcubbs/hotpot/pkg/go-k8s/kubernetes/secret.go:89.66,92.5 2 0
github.com/zcubbs/hotpot/pkg/go-k8s/kubernetes/secret.go:93.4,93.57 1 0
github.com/zcubbs/hotpot/pkg/go-k8s/kubernetes/secret.go:96.3,96.12 1 0
github.com/zcubbs/hotpot/pkg/go-k8s/kubernetes/secret.go:96.12,98.4 1 0
github.com/zcubbs/hotpot/pkg/go-k8s/kubernetes/secret.go:101.2,101.12 1 0
github.com/zcubbs/hotpot/pkg/go-k8s/kubernetes/secret.go:104.78,106.16 2 0
github.com/zcubbs/hotpot/pkg/go-k8s/kubernetes/secret.go:106.16,108.3 1 0
github.com/zcubbs/hotpot/pkg/go-k8s/kubernetes/secret.go:109.2,110.16 2 0
github.com/zcubbs/hotpot/pkg/go-k8s/kubernetes/secret.go:110.16,112.3 1 0
github.com/zcubbs/hotpot/pkg/go-k8s/kubernetes/secret.go:113.2,113.20 1 0
github.com/zcubbs/hotpot/pkg/go-k8s/kubernetes/secret.go:117.84,119.16 2 0
github.com/zcubbs/hotpot/pkg/go-k8s/kubernetes/secret.go:119.16,121.3 1 0
github.com/zcubbs/hotpot/pkg/go-k8s/kubernetes/secret.go:122.2,124.55 1 0
github.com/zcubbs/hotpot/pkg/go-k8s/kubernetes/service.go:9.77,11.16 2 0
github.com/zcubbs/hotpot/pkg/go-k8s/kubernetes/service.go:11.16,13.3 1 0
github.com/zcubbs/hotpot/pkg/go-k8s/kubernetes/service.go:15.2,16.16 2 0
github.com/zcubbs/hotpot/pkg/go-k8s/kubernetes/service.go:16.16,18.3 1 0
github.com/zcubbs/hotpot/pkg/go-k8s/kubernetes/service.go:20.2,20.59 1 0
github.com/zcubbs/hotpot/pkg/go-k8s/kubernetes/service.go:20.59,21.61 1 0
github.com/zcubbs/hotpot/pkg/go-k8s/kubernetes/service.go:21.61,23.4 1 0
github.com/zcubbs/hotpot/pkg/go-k8s/kubernetes/service.go:26.2,26.16 1 0
github.com/zcubbs/hotpot/pkg/go-k8s/kubernetes/status.go:15.20,18.16 2 0
github.com/zcubbs/hotpot/pkg/go-k8s/kubernetes/status.go:18.16,20.3 1 0
github.com/zcubbs/hotpot/pkg/go-k8s/kubernetes/status.go:21.2,21.49 1 0
github.com/zcubbs/hotpot/pkg/go-k8s/kubernetes/status.go:21.49,23.17 2 0
github.com/zcubbs/hotpot/pkg/go-k8s/kubernetes/status.go:23.17,25.4 1 0
github.com/zcubbs/hotpot/pkg/go-k8s/kubernetes/status.go:28.2,28.12 1 0
github.com/zcubbs/hotpot/pkg/go-k8s/kubernetes/status.go:34.20,35.6 1 0
github.com/zcubbs/hotpot/pkg/go-k8s/kubernetes/status.go:35.6,37.17 2 0
github.com/zcubbs/hotpot/pkg/go-k8s/kubernetes/status.go:37.17,39.4 1 0
github.com/zcubbs/hotpot/pkg/go-k8s/kubernetes/status.go:41.3,41.67 1 0
github.com/zcubbs/hotpot/pkg/go-k8s/kubernetes/status.go:41.67,42.13 1 0
github.com/zcubbs/hotpot/pkg/go-k8s/kubernetes/status.go:42.13,44.5 1 0
github.com/zcubbs/hotpot/pkg/go-k8s/kubernetes/status.go:45.4,45.9 1 0
github.com/zcubbs/hotpot/pkg/go-k8s/kubernetes/status.go:46.9,47.13 1 0
github.com/zcubbs/hotpot/pkg/go-k8s/kubernetes/status.go:47.13,49.5 1 0
github.com/zcubbs/hotpot/pkg/go-k8s/kubernetes/status.go:50.4,50.31 1 0
github.com/zcubbs/hotpot/pkg/go-k8s/kubernetes/status.go:54.2,54.12 1 0
github.com/zcubbs/hotpot/pkg/go-k8s/kubernetes/status.go:58.75,60.16 2 0
github.com/zcubbs/hotpot/pkg/go-k8s/kubernetes/status.go:60.16,62.3 1 0
github.com/zcubbs/hotpot/pkg/go-k8s/kubernetes/status.go:63.2,64.16 2 0
github.com/zcubbs/hotpot/pkg/go-k8s/kubernetes/status.go:64.16,66.3 1 0
github.com/zcubbs/hotpot/pkg/go-k8s/kubernetes/status.go:68.2,68.35 1 0
github.com/zcubbs/hotpot/pkg/go-k8s/kubernetes/status.go:68.35,70.52 2 0
github.com/zcubbs/hotpot/pkg/go-k8s/kubernetes/status.go:70.52,71.63 1 0
github.com/zcubbs/hotpot/pkg/go-k8s/kubernetes/status.go:71.63,73.5 1 0
github.com/zcubbs/hotpot/pkg/go-k8s/kubernetes/status.go:76.3,76.19 1 0
github.com/zcubbs/hotpot/pkg/go-k8s/kubernetes/status.go:76.19,78.4 1 0
github.com/zcubbs/hotpot/pkg/go-k8s/kubernetes/status.go:81.2,81.18 1 0
github.com/zcubbs/hotpot/pkg/go-k8s/traefik/dns_challenge.go:38.84,39.30 1 0
github.com/zcubbs/hotpot/pkg/go-k8s/traefik/dns_challenge.go:39.30,41.3 1 0
github.com/zcubbs/hotpot/pkg/go-k8s/traefik/dns_challenge.go:43.2,43.46 1 0
github.com/zcubbs/hotpot/pkg/go-k8s/traefik/dns_challenge.go:43.46,45.3 1 0
github.com/zcubbs/hotpot/pkg/go-k8s/traefik/dns_challenge.go:47.2,47.39 1 0
github.com/zcubbs/hotpot/pkg/go-k8s/traefik/dns_challenge.go:47.39,49.3 1 0
github.com/zcubbs/hotpot/pkg/go-k8s/traefik/dns_challenge.go:51.2,51.41 1 0
github.com/zcubbs/hotpot/pkg/go-k8s/traefik/dns_challenge.go:51.41,53.3 1 0
github.com/zcubbs/hotpot/pkg/go-k8s/traefik/dns_challenge.go:55.2,55.67 1 0
github.com/zcubbs/hotpot/pkg/go-k8s/traefik/dns_challenge.go:58.60,60.2 1 0
github.com/zcubbs/hotpot/pkg/go-k8s/traefik/dns_challenge.go:62.73,71.25 6 0
github.com/zcubbs/hotpot/pkg/go-k8s/traefik/dns_challenge.go:71.25,73.3 1 0
github.com/zcubbs/hotpot/pkg/go-k8s/traefik/dns_challenge.go:75.2,75.29 1 0
github.com/zcubbs/hotpot/pkg/go-k8s/traefik/dns_challenge.go:75.29,77.3 1 0
github.com/zcubbs/hotpot/pkg/go-k8s/traefik/dns_challenge.go:79.2,79.30 1 0
github.com/zcubbs/hotpot/pkg/go-k8s/traefik/dns_challenge.go:79.30,81.3 1 0
github.com/zcubbs/hotpot/pkg/go-k8s/traefik/dns_challenge.go:83.2,83.31 1 0
github.com/zcubbs/hotpot/pkg/go-k8s/traefik/dns_challenge.go:83.31,85.3 1 0
github.com/zcubbs/hotpot/pkg/go-k8s/traefik/dns_challenge.go:87.2,87.25 1 0
github.com/zcubbs/hotpot/pkg/go-k8s/traefik/dns_challenge.go:87.25,89.3 1 0
github.com/zcubbs/hotpot/pkg/go-k8s/traefik/dns_challenge.go:92.2,96.16 2 0
github.com/zcubbs/hotpot/pkg/go-k8s/traefik/dns_challenge.go:96.16,98.3 1 0
github.com/zcubbs/hotpot/pkg/go-k8s/traefik/dns_challenge.go:101.2,112.3 1 0
github.com/zcubbs/hotpot/pkg/go-k8s/traefik/dns_challenge.go:115.71,123.23 5 0
github.com/zcubbs/hotpot/pkg/go-k8s/traefik/dns_challenge.go:123.23,125.3 1 0
github.com/zcubbs/hotpot/pkg/go-k8s/traefik/dns_challenge.go:127.2,127.21 1 0
github.com/zcubbs/hotpot/pkg/go-k8s/traefik/dns_challenge.go:127.21,129.3 1 0
github.com/zcubbs/hotpot/pkg/go-k8s/traefik/dns_challenge.go:131.2,131.24 1 0
github.com/zcubbs/hotpot/pkg/go-k8s/traefik/dns_challenge.go:131.24,133.3 1 0
github.com/zcubbs/hotpot/pkg/go-k8s/traefik/dns_challenge.go:135.2,135.26 1 0
github.com/zcubbs/hotpot/pkg/go-k8s/traefik/dns_challenge.go:135.26,137.3 1 0
github.com/zcubbs/hotpot/pkg/go-k8s/traefik/dns_challenge.go:140.2,144.16 2 0
github.com/zcubbs/hotpot/pkg/go-k8s/traefik/dns_challenge.go:144.16,146.3 1 0
github.com/zcubbs/hotpot/pkg/go-k8s/traefik/dns_challenge.go:149.2,159.3 1 0
github.com/zcubbs/hotpot/pkg/go-k8s/traefik/dns_challenge.go:162.80,177.16 2 0
github.com/zcubbs/hotpot/pkg/go-k8s/traefik/dns_challenge.go:177.16,179.3 1 0
github.com/zcubbs/hotpot/pkg/go-k8s/traefik/dns_challenge.go:181.2,181.12 1 0
github.com/zcubbs/hotpot/pkg/go-k8s/traefik/manager.go:6.85,8.2 1 0
github.com/zcubbs/hotpot/pkg/go-k8s/traefik/manager.go:10.72,12.2 1 0
github.com/zcubbs/hotpot/pkg/go-k8s/traefik/traefik.go:30.66,31.48 1 0
github.com/zcubbs/hotpot/pkg/go-k8s/traefik/traefik.go:31.48,33.3 1 0
github.com/zcubbs/hotpot/pkg/go-k8s/traefik/traefik.go:35.2,35.32 1 0
github.com/zcubbs/hotpot/pkg/go-k8s/traefik/traefik.go:35.32,36.78 1 0
github.com/zcubbs/hotpot/pkg/go-k8s/traefik/traefik.go:36.78,38.4 1 0
github.com/zcubbs/hotpot/pkg/go-k8s/traefik/traefik.go:41.2,45.16 3 0
github.com/zcubbs/hotpot/pkg/go-k8s/traefik/traefik.go:45.16,47.3 1 0
github.com/zcubbs/hotpot/pkg/go-k8s/traefik/traefik.go:50.2,51.16 2 0
github.com/zcubbs/hotpot/pkg/go-k8s/traefik/traefik.go:51.16,53.3 1 0
github.com/zcubbs/hotpot/pkg/go-k8s/traefik/traefik.go:56.2,63.16 6 0
github.com/zcubbs/hotpot/pkg/go-k8s/traefik/traefik.go:63.16,65.3 1 0
github.com/zcubbs/hotpot/pkg/go-k8s/traefik/traefik.go:68.2,78.16 2 0
github.com/zcubbs/hotpot/pkg/go-k8s/traefik/traefik.go:78.16,80.3 1 0
github.com/zcubbs/hotpot/pkg/go-k8s/traefik/traefik.go:83.2,92.16 4 0
github.com/zcubbs/hotpot/pkg/go-k8s/traefik/traefik.go:92.16,94.3 1 0
github.com/zcubbs/hotpot/pkg/go-k8s/traefik/traefik.go:97.2,97.38 1 0
github.com/zcubbs/hotpot/pkg/go-k8s/traefik/traefik.go:97.38,99.17 2 0
github.com/zcubbs/hotpot/pkg/go-k8s/traefik/traefik.go:99.17,101.4 1 0
github.com/zcubbs/hotpot/pkg/go-k8s/traefik/traefik.go:104.3,105.17 2 0
github.com/zcubbs/hotpot/pkg/go-k8s/traefik/traefik.go:105.17,107.4 1 0
github.com/zcubbs/hotpot/pkg/go-k8s/traefik/traefik.go:109.2,109.12 1 0
github.com/zcubbs/hotpot/pkg/go-k8s/traefik/traefik.go:112.53,120.2 5 0
github.com/zcubbs/hotpot/pkg/go-k8s/traefik/traefik.go:122.90,128.16 2 0
github.com/zcubbs/hotpot/pkg/go-k8s/traefik/traefik.go:128.16,130.3 1 0
github.com/zcubbs/hotpot/pkg/go-k8s/traefik/traefik.go:132.2,133.16 2 0
github.com/zcubbs/hotpot/pkg/go-k8s/traefik/traefik.go:133.16,135.3 1 0
github.com/zcubbs/hotpot/pkg/go-k8s/traefik/traefik.go:137.2,138.16 2 0
github.com/zcubbs/hotpot/pkg/go-k8s/traefik/traefik.go:138.16,140.3 1 0
github.com/zcubbs/hotpot/pkg/go-k8s/traefik/traefik.go:142.2,146.82 3 0
github.com/zcubbs/hotpot/pkg/go-k8s/traefik/traefik.go:146.82,148.3 1 0
github.com/zcubbs/hotpot/pkg/go-k8s/traefik/traefik.go:150.2,150.12 1 0
github.com/zcubbs/hotpot/pkg/go-k8s/traefik/traefik.go:153.79,164.16 2 0
github.com/zcubbs/hotpot/pkg/go-k8s/traefik/traefik.go:164.16,166.3 1 0
github.com/zcubbs/hotpot/pkg/go-k8s/traefik/traefik.go:169.2,169.47 1 0
github.com/zcubbs/hotpot/pkg/go-k8s/traefik/traefik.go:169.47,181.17 2 0
github.com/zcubbs/hotpot/pkg/go-k8s/traefik/traefik.go:181.17,183.4 1 0
github.com/zcubbs/hotpot/pkg/go-k8s/traefik/traefik.go:187.2,188.16 2 0
github.com/zcubbs/hotpot/pkg/go-k8s/traefik/traefik.go:188.16,190.3 1 0
github.com/zcubbs/hotpot/pkg/go-k8s/traefik/traefik.go:191.2,192.16 2 0
github.com/zcubbs/hotpot/pkg/go-k8s/traefik/traefik.go:192.16,194.3 1 0
github.com/zcubbs/hotpot/pkg/go-k8s/traefik/traefik.go:196.2,200.38 3 0
github.com/zcubbs/hotpot/pkg/go-k8s/traefik/traefik.go:200.38,214.17 2 0
github.com/zcubbs/hotpot/pkg/go-k8s/traefik/traefik.go:214.17,216.4 1 0
github.com/zcubbs/hotpot/pkg/go-k8s/traefik/traefik.go:219.2,219.12 1 0
github.com/zcubbs/hotpot/pkg/go-k8s/traefik/traefik.go:222.51,224.16 2 0
github.com/zcubbs/hotpot/pkg/go-k8s/traefik/traefik.go:224.16,226.3 1 0
github.com/zcubbs/hotpot/pkg/go-k8s/traefik/traefik.go:227.2,227.26 1 0
github.com/zcubbs/hotpot/pkg/go-k8s/traefik/traefik.go:230.41,232.2 1 0
github.com/zcubbs/hotpot/pkg/go-k8s/traefik/traefik.go:234.43,236.64 1 0
github.com/zcubbs/hotpot/pkg/go-k8s/traefik/traefik.go:236.64,238.3 1 0
github.com/zcubbs/hotpot/pkg/go-k8s/traefik/traefik.go:238.8,238.71 1 0
github.com/zcubbs/hotpot/pkg/go-k8s/traefik/traefik.go:238.71,240.3 1 0
github.com/zcubbs/hotpot/pkg/go-k8s/traefik/traefik.go:240.8,240.69 1 0
github.com/zcubbs/hotpot/pkg/go-k8s/traefik/traefik.go:240.69,242.3 1 0
github.com/zcubbs/hotpot/pkg/go-k8s/traefik/traefik.go:244.2,244.32 1 0
github.com/zcubbs/hotpot/pkg/go-k8s/traefik/traefik.go:244.32,245.31 1 0
github.com/zcubbs/hotpot/pkg/go-k8s/traefik/traefik.go:245.31,247.4 1 0
github.com/zcubbs/hotpot/pkg/go-k8s/traefik/traefik.go:249.3,249.36 1 0
github.com/zcubbs/hotpot/pkg/go-k8s/traefik/traefik.go:249.36,251.4 1 0
github.com/zcubbs/hotpot/pkg/go-k8s/traefik/traefik.go:254.2,254.32 1 0
github.com/zcubbs/hotpot/pkg/go-k8s/traefik/traefik.go:254.32,255.31 1 0
github.com/zcubbs/hotpot/pkg/go-k8s/traefik/traefik.go:255.31,257.4 1 0
github.com/zcubbs/hotpot/pkg/go-k8s/traefik/traefik.go:259.3,259.36 1 0
github.com/zcubbs/hotpot/pkg/go-k8s/traefik/traefik.go:259.36,261.4 1 0
github.com/zcubbs/hotpot/pkg/go-k8s/traefik/traefik.go:264.2,264.31 1 0
github.com/zcubbs/hotpot/pkg/go-k8s/traefik/traefik.go:264.31,266.3 1 0
github.com/zcubbs/hotpot/pkg/go-k8s/traefik/traefik.go:268.2,268.37 1 0
github.com/zcubbs/hotpot/pkg/go-k8s/traefik/traefik.go:268.37,270.3 1 0
github.com/zcubbs/hotpot/pkg/go-k8s/traefik/traefik.go:272.2,272.24 1 0
github.com/zcubbs/hotpot/pkg/go-k8s/traefik/traefik.go:272.24,274.3 1 0
github.com/zcubbs/hotpot/pkg/go-k8s/traefik/traefik.go:276.2,276.38 1 0
github.com/zcubbs/hotpot/pkg/go-k8s/traefik/traefik.go:276.38,277.42 1 0
github.com/zcubbs/hotpot/pkg/go-k8s/traefik/traefik.go:277.42,279.4 1 0
github.com/zcubbs/hotpot/pkg/go-k8s/traefik/traefik.go:280.3,280.41 1 0
github.com/zcubbs/hotpot/pkg/go-k8s/traefik/traefik.go:280.41,282.4 1 0
github.com/zcubbs/hotpot/pkg/go-k8s/traefik/traefik.go:285.2,285.12 1 0
github.com/zcubbs/hotpot/pkg/go-k8s/rancher/manager.go:6.85,8.2 1 0
github.com/zcubbs/hotpot/pkg/go-k8s/rancher/manager.go:10.72,12.2 1 0
github.com/zcubbs/hotpot/pkg/go-k8s/rancher/rancher.go:27.67,29.16 2 0
github.com/zcubbs/hotpot/pkg/go-k8s/rancher/rancher.go:29.16,31.3 1 0
github.com/zcubbs/hotpot/pkg/go-k8s/rancher/rancher.go:34.2,39.16 2 0
github.com/zcubbs/hotpot/pkg/go-k8s/rancher/rancher.go:39.16,41.3 1 0
github.com/zcubbs/hotpot/pkg/go-k8s/rancher/rancher.go:43.2,46.16 3 0
github.com/zcubbs/hotpot/pkg/go-k8s/rancher/rancher.go:46.16,48.3 1 0
github.com/zcubbs/hotpot/pkg/go-k8s/rancher/rancher.go:50.2,56.16 6 0
github.com/zcubbs/hotpot/pkg/go-k8s/rancher/rancher.go:56.16,58.3 1 0
github.com/zcubbs/hotpot/pkg/go-k8s/rancher/rancher.go:60.2,70.16 2 0
github.com/zcubbs/hotpot/pkg/go-k8s/rancher/rancher.go:70.16,72.3 1 0
github.com/zcubbs/hotpot/pkg/go-k8s/rancher/rancher.go:75.2,87.16 4 0
github.com/zcubbs/hotpot/pkg/go-k8s/rancher/rancher.go:87.16,89.3 1 0
github.com/zcubbs/hotpot/pkg/go-k8s/rancher/rancher.go:91.2,91.12 1 0
github.com/zcubbs/hotpot/pkg/go-k8s/rancher/rancher.go:94.43,95.26 1 0
github.com/zcubbs/hotpot/pkg/go-k8s/rancher/rancher.go:95.26,97.3 1 0
github.com/zcubbs/hotpot/pkg/go-k8s/rancher/rancher.go:98.2,98.27 1 0
github.com/zcubbs/hotpot/pkg/go-k8s/rancher/rancher.go:98.27,100.3 1 0
github.com/zcubbs/hotpot/pkg/go-k8s/rancher/rancher.go:102.2,102.12 1 0
github.com/zcubbs/hotpot/pkg/go-k8s/rancher/rancher.go:116.53,123.16 6 0
github.com/zcubbs/hotpot/pkg/go-k8s/rancher/rancher.go:123.16,125.3 1 0
github.com/zcubbs/hotpot/pkg/go-k8s/rancher/rancher.go:127.2,127.12 1 0
github.com/zcubbs/hotpot/pkg/secret/provide.go:20.63,22.16 2 0
github.com/zcubbs/hotpot/pkg/secret/provide.go:23.14,24.30 1 0
github.com/zcubbs/hotpot/pkg/secret/provide.go:25.13,26.29 1 0
github.com/zcubbs/hotpot/pkg/secret/provide.go:27.14,28.39 1 0
github.com/zcubbs/hotpot/pkg/secret/provide.go:29.13,30.29 1 0
github.com/zcubbs/hotpot/pkg/secret/provide.go:31.13,32.29 1 0
github.com/zcubbs/hotpot/pkg/secret/provide.go:33.13,34.29 1 0
github.com/zcubbs/hotpot/pkg/secret/provide.go:35.13,36.29 1 0
github.com/zcubbs/hotpot/pkg/secret/provide.go:37.15,38.31 1 0
github.com/zcubbs/hotpot/pkg/secret/provide.go:39.13,40.29 1 0
github.com/zcubbs/hotpot/pkg/secret/provide.go:41.10,42.18 1 0
github.com/zcubbs/hotpot/pkg/secret/provide.go:48.48,50.2 1 0
github.com/zcubbs/hotpot/pkg/secret/provide.go:54.49,56.13 2 0
github.com/zcubbs/hotpot/pkg/secret/provide.go:56.13,58.3 1 0
github.com/zcubbs/hotpot/pkg/secret/provide.go:60.2,60.15 1 0
github.com/zcubbs/hotpot/pkg/secret/provide.go:65.71,67.16 2 0
github.com/zcubbs/hotpot/pkg/secret/provide.go:67.16,69.3 1 0
github.com/zcubbs/hotpot/pkg/secret/provide.go:71.2,71.15 1 0
github.com/zcubbs/hotpot/pkg/secret/provide.go:76.47,78.2 1 0
github.com/zcubbs/hotpot/pkg/secret/provide.go:82.47,84.2 1 0
github.com/zcubbs/hotpot/pkg/secret/provide.go:88.47,90.2 1 0
github.com/zcubbs/hotpot/pkg/secret/provide.go:94.47,96.2 1 0
github.com/zcubbs/hotpot/pkg/secret/provide.go:100.49,102.2 1 0
github.com/zcubbs/hotpot/pkg/secret/provide.go:106.47,108.2 1 0
github.com/zcubbs/hotpot/pkg/syncd/service/service.go:28.22,32.81 2 0
github.com/zcubbs/hotpot/pkg/syncd/service/service.go:32.81,34.3 1 0
github.com/zcubbs/hotpot/pkg/syncd/service/service.go:37.2,37.39 1 0
github.com/zcubbs/hotpot/pkg/syncd/service/service.go:37.39,39.3 1 0
github.com/zcubbs/hotpot/pkg/syncd/service/service.go:41.2,41.12 1 0
github.com/zcubbs/hotpot/pkg/syncd/service/service.go:45.21,47.83 1 0
github.com/zcubbs/hotpot/pkg/syncd/service/service.go:47.83,49.3 1 0
github.com/zcubbs/hotpot/pkg/syncd/service/service.go:52.2,52.82 1 0
github.com/zcubbs/hotpot/pkg/syncd/service/service.go:52.82,54.3 1 0
github.com/zcubbs/hotpot/pkg/syncd/service/service.go:56.2,56.12 1 0
github.com/zcubbs/hotpot/pkg/syncd/service/service.go:60.22,62.81 1 0
github.com/zcubbs/hotpot/pkg/syncd/service/service.go:62.81,64.3 1 0
github.com/zcubbs/hotpot/pkg/syncd/service/service.go:67.2,67.84 1 0
github.com/zcubbs/hotpot/pkg/syncd/service/service.go:67.84,69.3 1 0
github.com/zcubbs/hotpot/pkg/syncd/service/service.go:71.2,71.12 1 0
github.com/zcubbs/hotpot/pkg/syncd/service/service.go:75.31,77.16 2 0
github.com/zcubbs/hotpot/pkg/syncd/service/service.go:77.16,79.3 1 0
github.com/zcubbs/hotpot/pkg/syncd/service/service.go:80.2,80.20 1 0
github.com/zcubbs/hotpot/pkg/syncd/service/service.go:84.27,86.2 1 0
github.com/zcubbs/hotpot/pkg/syncd/service/service.go:89.24,95.70 3 0
github.com/zcubbs/hotpot/pkg/syncd/service/service.go:95.70,97.3 1 0
github.com/zcubbs/hotpot/pkg/syncd/service/service.go:100.2,100.39 1 0
github.com/zcubbs/hotpot/pkg/syncd/service/service.go:100.39,102.3 1 0
github.com/zcubbs/hotpot/pkg/syncd/service/service.go:104.2,104.12 1 0
github.com/zcubbs/hotpot/pkg/syncd/config.go:33.36,39.45 4 0
github.com/zcubbs/hotpot/pkg/syncd/config.go:39.45,40.55 1 0
github.com/zcubbs/hotpot/pkg/syncd/config.go:40.55,42.4 1 0
github.com/zcubbs/hotpot/pkg/syncd/config.go:43.3,43.63 1 0
github.com/zcubbs/hotpot/pkg/syncd/config.go:46.2,47.49 2 0
github.com/zcubbs/hotpot/pkg/syncd/config.go:47.49,49.3 1 0
github.com/zcubbs/hotpot/pkg/syncd/config.go:51.2,51.21 1 0
github.com/zcubbs/hotpot/pkg/syncd/config.go:55.39,56.60 1 0
github.com/zcubbs/hotpot/pkg/syncd/config.go:56.60,58.3 1 0
github.com/zcubbs/hotpot/pkg/syncd/config.go:60.2,63.16 3 0
github.com/zcubbs/hotpot/pkg/syncd/config.go:63.16,65.3 1 0
github.com/zcubbs/hotpot/pkg/syncd/config.go:67.2,67.67 1 0
github.com/zcubbs/hotpot/pkg/syncd/config.go:67.67,69.3 1 0
github.com/zcubbs/hotpot/pkg/syncd/config.go:71.2,71.12 1 0
github.com/zcubbs/hotpot/pkg/x/bash/exec.go:15.82,24.12 3 0
github.com/zcubbs/hotpot/pkg/x/bash/exec.go:24.12,27.3 2 0
github.com/zcubbs/hotpot/pkg/x/bash/exec.go:29.2,30.16 2 0
github.com/zcubbs/hotpot/pkg/x/bash/exec.go:30.16,32.3 1 0
github.com/zcubbs/hotpot/pkg/x/bash/exec.go:34.2,35.16 2 0
github.com/zcubbs/hotpot/pkg/x/bash/exec.go:35.16,37.3 1 0
github.com/zcubbs/hotpot/pkg/x/bash/exec.go:39.2,39.18 1 0
github.com/zcubbs/hotpot/pkg/x/bash/exec.go:43.64,47.16 3 0
github.com/zcubbs/hotpot/pkg/x/bash/exec.go:47.16,50.3 2 0
github.com/zcubbs/hotpot/pkg/x/bash/exec.go:53.2,53.12 1 0
github.com/zcubbs/hotpot/pkg/x/bash/exec.go:53.12,56.3 2 0
github.com/zcubbs/hotpot/pkg/x/bash/exec.go:58.2,58.12 1 0
github.com/zcubbs/hotpot/pkg/x/bash/exec.go:62.75,70.16 6 0
github.com/zcubbs/hotpot/pkg/x/bash/exec.go:70.16,72.3 1 0
github.com/zcubbs/hotpot/pkg/x/bash/exec.go:73.2,73.29 1 0
github.com/zcubbs/hotpot/pkg/x/bash/fs.go:12.61,13.15 1 0
github.com/zcubbs/hotpot/pkg/x/bash/fs.go:13.15,15.3 1 0
github.com/zcubbs/hotpot/pkg/x/bash/fs.go:16.2,17.16 2 0
github.com/zcubbs/hotpot/pkg/x/bash/fs.go:17.16,19.3 1 0
github.com/zcubbs/hotpot/pkg/x/bash/fs.go:21.2,21.11 1 0
github.com/zcubbs/hotpot/pkg/x/bash/fs.go:21.11,23.3 1 0
github.com/zcubbs/hotpot/pkg/x/bash/fs.go:25.2,26.16 2 0
github.com/zcubbs/hotpot/pkg/x/bash/fs.go:26.16,28.3 1 0
github.com/zcubbs/hotpot/pkg/x/bash/fs.go:30.2,31.16 2 0
github.com/zcubbs/hotpot/pkg/x/bash/fs.go:31.16,33.3 1 0
github.com/zcubbs/hotpot/pkg/x/bash/fs.go:35.2,35.11 1 0
github.com/zcubbs/hotpot/pkg/x/bash/fs.go:35.11,37.3 1 0
github.com/zcubbs/hotpot/pkg/x/bash/fs.go:39.2,39.12 1 0
github.com/zcubbs/hotpot/pkg/x/bash/fs.go:42.31,44.2 1 0
github.com/zcubbs/hotpot/pkg/x/bash/fs.go:46.49,47.15 1 0
github.com/zcubbs/hotpot/pkg/x/bash/fs.go:47.15,49.3 1 0
github.com/zcubbs/hotpot/pkg/x/bash/fs.go:50.2,50.32 1 0
github.com/zcubbs/hotpot/pkg/x/bash/fs.go:53.35,60.2 1 0
github.com/zcubbs/hotpot/pkg/x/bash/fs.go:62.34,69.2 1 0
github.com/zcubbs/hotpot/pkg/x/bash/fs.go:71.58,74.16 2 0
github.com/zcubbs/hotpot/pkg/x/bash/fs.go:74.16,77.3 2 0
github.com/zcubbs/hotpot/pkg/x/bash/fs.go:79.2,79.12 1 0
github.com/zcubbs/hotpot/pkg/x/bash/fs.go:82.91,85.16 2 0
github.com/zcubbs/hotpot/pkg/x/bash/fs.go:85.16,87.3 1 0
github.com/zcubbs/hotpot/pkg/x/bash/fs.go:89.2,89.12 1 0
github.com/zcubbs/hotpot/pkg/syncd/ui/config.go:34.35,36.2 1 0
github.com/zcubbs/hotpot/pkg/syncd/ui/config.go:38.40,47.68 4 0
github.com/zcubbs/hotpot/pkg/syncd/ui/config.go:47.68,54.3 6 0
github.com/zcubbs/hotpot/pkg/syncd/ui/config.go:57.2,96.3 18 0
github.com/zcubbs/hotpot/pkg/syncd/ui/config.go:99.38,101.2 1 0
github.com/zcubbs/hotpot/pkg/syncd/ui/config.go:103.64,104.27 1 0
github.com/zcubbs/hotpot/pkg/syncd/ui/config.go:105.18,106.23 1 0
github.com/zcubbs/hotpot/pkg/syncd/ui/config.go:107.24,108.22 1 0
github.com/zcubbs/hotpot/pkg/syncd/ui/config.go:110.50,113.38 2 0
github.com/zcubbs/hotpot/pkg/syncd/ui/config.go:113.38,114.47 1 0
github.com/zcubbs/hotpot/pkg/syncd/ui/config.go:114.47,117.6 2 0
github.com/zcubbs/hotpot/pkg/syncd/ui/config.go:118.5,119.23 2 0
github.com/zcubbs/hotpot/pkg/syncd/ui/config.go:123.4,123.37 1 0
github.com/zcubbs/hotpot/pkg/syncd/ui/config.go:123.37,125.5 1 0
github.com/zcubbs/hotpot/pkg/syncd/ui/config.go:125.10,127.5 1 0
github.com/zcubbs/hotpot/pkg/syncd/ui/config.go:129.4,129.21 1 0
github.com/zcubbs/hotpot/pkg/syncd/ui/config.go:129.21,131.5 1 0
github.com/zcubbs/hotpot/pkg/syncd/ui/config.go:131.10,131.28 1 0
github.com/zcubbs/hotpot/pkg/syncd/ui/config.go:131.28,133.5 1 0
github.com/zcubbs/hotpot/pkg/syncd/ui/config.go:136.4,144.21 8 0
github.com/zcubbs/hotpot/pkg/syncd/ui/config.go:145.11,146.22 1 0
github.com/zcubbs/hotpot/pkg/syncd/ui/config.go:147.11,148.21 1 0
github.com/zcubbs/hotpot/pkg/syncd/ui/config.go:149.11,150.23 1 0
github.com/zcubbs/hotpot/pkg/syncd/ui/config.go:151.11,152.24 1 0
github.com/zcubbs/hotpot/pkg/syncd/ui/config.go:153.11,154.24 1 0
github.com/zcubbs/hotpot/pkg/syncd/ui/config.go:155.11,156.25 1 0
github.com/zcubbs/hotpot/pkg/syncd/ui/config.go:157.11,158.23 1 0
github.com/zcubbs/hotpot/pkg/syncd/ui/config.go:161.4,161.17 1 0
github.com/zcubbs/hotpot/pkg/syncd/ui/config.go:166.2,167.19 2 0
github.com/zcubbs/hotpot/pkg/syncd/ui/config.go:168.9,169.41 1 0
github.com/zcubbs/hotpot/pkg/syncd/ui/config.go:170.9,171.39 1 0
github.com/zcubbs/hotpot/pkg/syncd/ui/config.go:172.9,173.43 1 0
github.com/zcubbs/hotpot/pkg/syncd/ui/config.go:174.9,175.45 1 0
github.com/zcubbs/hotpot/pkg/syncd/ui/config.go:176.9,177.45 1 0
github.com/zcubbs/hotpot/pkg/syncd/ui/config.go:178.9,179.47 1 0
github.com/zcubbs/hotpot/pkg/syncd/ui/config.go:180.9,181.43 1 0
github.com/zcubbs/hotpot/pkg/syncd/ui/config.go:184.2,184.15 1 0
github.com/zcubbs/hotpot/pkg/syncd/ui/config.go:187.37,202.82 7 0
github.com/zcubbs/hotpot/pkg/syncd/ui/config.go:202.82,205.16 2 0
github.com/zcubbs/hotpot/pkg/syncd/ui/config.go:205.16,207.4 1 0
github.com/zcubbs/hotpot/pkg/syncd/ui/config.go:210.3,211.16 2 0
github.com/zcubbs/hotpot/pkg/syncd/ui/config.go:211.16,213.4 1 0
github.com/zcubbs/hotpot/pkg/syncd/ui/config.go:213.9,215.4 1 0
github.com/zcubbs/hotpot/pkg/syncd/ui/config.go:218.3,222.109 3 0
github.com/zcubbs/hotpot/pkg/syncd/ui/config.go:226.2,241.20 12 0
github.com/zcubbs/hotpot/pkg/syncd/ui/config.go:241.20,243.3 1 0
github.com/zcubbs/hotpot/pkg/syncd/ui/config.go:244.2,247.18 2 0
github.com/zcubbs/hotpot/pkg/syncd/ui/config.go:247.18,250.3 2 0
github.com/zcubbs/hotpot/pkg/syncd/ui/config.go:252.2,252.19 1 0
github.com/zcubbs/hotpot/pkg/syncd/ui/config.go:255.47,262.46 4 0
github.com/zcubbs/hotpot/pkg/syncd/ui/config.go:262.46,264.3 1 0
github.com/zcubbs/hotpot/pkg/syncd/ui/config.go:265.2,268.25 2 0
github.com/zcubbs/hotpot/pkg/syncd/ui/config.go:268.25,270.3 1 0
github.com/zcubbs/hotpot/pkg/syncd/ui/config.go:270.8,272.3 1 0
github.com/zcubbs/hotpot/pkg/syncd/ui/config.go:275.2,280.35 4 0
github.com/zcubbs/hotpot/pkg/syncd/ui/config.go:280.35,282.3 1 0
github.com/zcubbs/hotpot/pkg/syncd/ui/config.go:283.2,283.35 1 0
github.com/zcubbs/hotpot/pkg/syncd/ui/config.go:283.35,285.3 1 0
github.com/zcubbs/hotpot/pkg/syncd/ui/config.go:286.2,286.35 1 0
github.com/zcubbs/hotpot/pkg/syncd/ui/config.go:286.35,288.3 1 0
github.com/zcubbs/hotpot/pkg/syncd/ui/config.go:290.2,290.35 1 0
github.com/zcubbs/hotpot/pkg/x/host/host.go:8.34,10.16 2 0
github.com/zcubbs/hotpot/pkg/x/host/host.go:10.16,12.3 1 0
github.com/zcubbs/hotpot/pkg/x/host/host.go:14.2,14.12 1 0
github.com/zcubbs/hotpot/pkg/x/host/host.go:17.40,19.16 2 0
github.com/zcubbs/hotpot/pkg/x/host/host.go:19.16,21.3 1 0
github.com/zcubbs/hotpot/pkg/x/host/host.go:23.2,23.12 1 0
github.com/zcubbs/hotpot/pkg/x/host/host.go:26.39,28.16 2 0
github.com/zcubbs/hotpot/pkg/x/host/host.go:28.16,30.3 1 0
github.com/zcubbs/hotpot/pkg/x/host/host.go:32.2,33.16 2 0
github.com/zcubbs/hotpot/pkg/x/host/host.go:33.16,35.3 1 0
github.com/zcubbs/hotpot/pkg/x/host/host.go:37.2,37.12 1 0
github.com/zcubbs/hotpot/pkg/x/host/host.go:40.36,42.16 2 0
github.com/zcubbs/hotpot/pkg/x/host/host.go:42.16,44.3 1 0
github.com/zcubbs/hotpot/pkg/x/host/host.go:46.2,46.12 1 0
github.com/zcubbs/hotpot/pkg/x/host/host.go:49.56,51.16 2 0
github.com/zcubbs/hotpot/pkg/x/host/host.go:51.16,53.3 1 0
github.com/zcubbs/hotpot/pkg/x/host/host.go:55.2,56.16 2 0
github.com/zcubbs/hotpot/pkg/x/host/host.go:56.16,58.3 1 0
github.com/zcubbs/hotpot/pkg/x/host/host.go:60.2,60.12 1 0
github.com/zcubbs/hotpot/pkg/x/host/host.go:63.36,64.25 1 0
github.com/zcubbs/hotpot/pkg/x/host/host.go:64.25,66.10 2 0
github.com/zcubbs/hotpot/pkg/x/host/host.go:66.10,68.4 1 0
github.com/zcubbs/hotpot/pkg/x/host/host.go:70.2,70.12 1 0
github.com/zcubbs/hotpot/pkg/x/host/system_info.go:6.50,8.2 1 0
github.com/zcubbs/hotpot/pkg/x/host/system_info.go:10.59,12.2 1 0
github.com/zcubbs/hotpot/pkg/x/host/system_info.go:14.61,16.2 1 0
github.com/zcubbs/hotpot/pkg/x/host/system_info.go:18.58,20.2 1 0
github.com/zcubbs/hotpot/pkg/x/host/system_info.go:22.71,24.2 1 0
github.com/zcubbs/hotpot/pkg/x/host/system_info.go:26.58,28.2 1 0
github.com/zcubbs/hotpot/pkg/x/must/must.go:8.25,9.16 1 0
github.com/zcubbs/hotpot/pkg/x/must/must.go:9.16,11.3 1 0
github.com/zcubbs/hotpot/pkg/x/must/must.go:14.31,17.2 2 0
github.com/zcubbs/hotpot/pkg/x/os/cron.go:11.39,19.52 4 0
github.com/zcubbs/hotpot/pkg/x/os/cron.go:19.52,21.3 1 0
github.com/zcubbs/hotpot/pkg/x/os/cron.go:21.8,23.44 1 0
github.com/zcubbs/hotpot/pkg/x/os/cron.go:23.44,25.4 1 0
github.com/zcubbs/hotpot/pkg/x/os/cron.go:27.3,27.44 1 0
github.com/zcubbs/hotpot/pkg/x/os/cron.go:30.2,38.20 6 0
github.com/zcubbs/hotpot/pkg/x/os/cron.go:38.20,40.3 1 0
github.com/zcubbs/hotpot/pkg/x/os/cron.go:42.2,42.12 1 0
github.com/zcubbs/hotpot/pkg/x/os/files.go:12.44,13.48 1 0
github.com/zcubbs/hotpot/pkg/x/os/files.go:13.48,15.17 2 0
github.com/zcubbs/hotpot/pkg/x/os/files.go:15.17,17.4 1 0
github.com/zcubbs/hotpot/pkg/x/os/files.go:19.2,19.12 1 0
github.com/zcubbs/hotpot/pkg/x/os/files.go:22.60,24.16 2 0
github.com/zcubbs/hotpot/pkg/x/os/files.go:24.16,26.3 1 0
github.com/zcubbs/hotpot/pkg/x/os/files.go:28.2,29.16 2 0
github.com/zcubbs/hotpot/pkg/x/os/files.go:29.16,31.3 1 0
github.com/zcubbs/hotpot/pkg/x/os/files.go:32.2,32.12 1 0
github.com/zcubbs/hotpot/pkg/x/os/files.go:37.56,40.47 2 0
github.com/zcubbs/hotpot/pkg/x/os/files.go:40.47,42.3 1 0
github.com/zcubbs/hotpot/pkg/x/os/files.go:45.2,45.24 1 0
github.com/zcubbs/hotpot/pkg/x/os/humanize.go:5.46,7.2 1 0
github.com/zcubbs/hotpot/pkg/x/os/humanize.go:9.37,11.2 1 0
github.com/zcubbs/hotpot/pkg/x/os/packages.go:16.43,17.25 1 0
github.com/zcubbs/hotpot/pkg/x/os/packages.go:17.25,19.50 1 0
github.com/zcubbs/hotpot/pkg/x/os/packages.go:19.50,21.4 1 0
github.com/zcubbs/hotpot/pkg/x/os/packages.go:23.2,23.13 1 0
github.com/zcubbs/hotpot/pkg/x/os/packages.go:26.40,27.29 1 0
github.com/zcubbs/hotpot/pkg/x/os/packages.go:27.29,29.29 1 0
github.com/zcubbs/hotpot/pkg/x/os/packages.go:29.29,31.4 1 0
github.com/zcubbs/hotpot/pkg/x/os/packages.go:34.3,35.17 2 0
github.com/zcubbs/hotpot/pkg/x/os/packages.go:35.17,37.4 1 0
github.com/zcubbs/hotpot/pkg/x/os/packages.go:38.3,38.30 1 0
github.com/zcubbs/hotpot/pkg/x/os/packages.go:40.2,40.12 1 0
github.com/zcubbs/hotpot/pkg/x/os/packages.go:43.21,45.16 2 0
github.com/zcubbs/hotpot/pkg/x/os/packages.go:45.16,47.3 1 0
github.com/zcubbs/hotpot/pkg/x/os/packages.go:48.2,49.12 2 0
github.com/zcubbs/hotpot/pkg/x/os/packages.go:52.22,54.16 2 0
github.com/zcubbs/hotpot/pkg/x/os/packages.go:54.16,56.3 1 0
github.com/zcubbs/hotpot/pkg/x/os/packages.go:57.2,58.12 2 0
github.com/zcubbs/hotpot/pkg/x/os/script.go:11.70,21.16 4 0
github.com/zcubbs/hotpot/pkg/x/os/script.go:21.16,23.3 1 0
github.com/zcubbs/hotpot/pkg/x/os/script.go:25.2,25.12 1 0
github.com/zcubbs/hotpot/pkg/x/os/service.go:12.68,15.16 2 0
github.com/zcubbs/hotpot/pkg/x/os/service.go:15.16,18.3 1 0
github.com/zcubbs/hotpot/pkg/x/os/service.go:21.2,22.16 2 0
github.com/zcubbs/hotpot/pkg/x/os/service.go:22.16,24.3 1 0
github.com/zcubbs/hotpot/pkg/x/os/service.go:26.2,26.12 1 0
github.com/zcubbs/hotpot/pkg/x/os/service.go:29.69,31.16 2 0
github.com/zcubbs/hotpot/pkg/x/os/service.go:31.16,34.3 2 0
github.com/zcubbs/hotpot/pkg/x/os/service.go:36.2,36.12 1 0
github.com/zcubbs/hotpot/pkg/x/os/system.go:12.34,14.16 2 0
github.com/zcubbs/hotpot/pkg/x/os/system.go:14.16,16.3 1 0
github.com/zcubbs/hotpot/pkg/x/os/system.go:18.2,18.25 1 0
github.com/zcubbs/hotpot/pkg/x/os/system.go:18.25,20.3 1 0
github.com/zcubbs/hotpot/pkg/x/os/system.go:22.2,22.12 1 0
github.com/zcubbs/hotpot/pkg/x/os/system.go:25.30,27.16 2 0
github.com/zcubbs/hotpot/pkg/x/os/system.go:27.16,29.3 1 0
github.com/zcubbs/hotpot/pkg/x/os/system.go:30.2,30.21 1 0
github.com/zcubbs/hotpot/pkg/x/os/system.go:33.36,35.16 2 0
github.com/zcubbs/hotpot/pkg/x/os/system.go:35.16,37.3 1 0
github.com/zcubbs/hotpot/pkg/x/os/system.go:39.2,39.33 1 0
github.com/zcubbs/hotpot/pkg/x/os/system.go:39.33,41.3 1 0
github.com/zcubbs/hotpot/pkg/x/os/system.go:43.2,43.12 1 0
github.com/zcubbs/hotpot/pkg/x/os/system.go:46.40,48.16 2 0
github.com/zcubbs/hotpot/pkg/x/os/system.go:48.16,50.3 1 0
github.com/zcubbs/hotpot/pkg/x/os/system.go:52.2,52.29 1 0
github.com/zcubbs/hotpot/pkg/x/os/system.go:52.29,53.27 1 0
github.com/zcubbs/hotpot/pkg/x/os/system.go:53.27,55.4 1 0
github.com/zcubbs/hotpot/pkg/x/os/system.go:58.2,58.85 1 0
github.com/zcubbs/hotpot/pkg/x/os/system.go:61.34,63.16 2 0
github.com/zcubbs/hotpot/pkg/x/os/system.go:63.16,65.3 1 0
github.com/zcubbs/hotpot/pkg/x/os/system.go:66.2,66.40 1 0
github.com/zcubbs/hotpot/pkg/x/os/system.go:69.32,71.16 2 0
github.com/zcubbs/hotpot/pkg/x/os/system.go:71.16,73.3 1 0
github.com/zcubbs/hotpot/pkg/x/os/system.go:74.2,74.29 1 0
github.com/zcubbs/hotpot/pkg/x/os/system.go:77.56,79.16 2 0
github.com/zcubbs/hotpot/pkg/x/os/system.go:79.16,81.3 1 0
github.com/zcubbs/hotpot/pkg/x/os/system.go:83.2,83.66 1 0
github.com/zcubbs/hotpot/pkg/x/os/system.go:83.66,85.3 1 0
github.com/zcubbs/hotpot/pkg/x/os/system.go:87.2,87.12 1 0
github.com/zcubbs/hotpot/pkg/x/os/system.go:90.34,92.16 2 0
github.com/zcubbs/hotpot/pkg/x/os/system.go:92.16,94.3 1 0
github.com/zcubbs/hotpot/pkg/x/os/system.go:95.2,95.56 1 0
github.com/zcubbs/hotpot/pkg/x/os/system.go:98.39,100.16 2 0
github.com/zcubbs/hotpot/pkg/x/os/system.go:100.16,102.3 1 0
github.com/zcubbs/hotpot/pkg/x/os/system.go:104.2,104.22 1 0
github.com/zcubbs/hotpot/pkg/x/os/system.go:104.22,106.3 1 0
github.com/zcubbs/hotpot/pkg/x/os/system.go:108.2,108.12 1 0
github.com/zcubbs/hotpot/pkg/x/os/system.go:111.31,113.16 2 0
github.com/zcubbs/hotpot/pkg/x/os/system.go:113.16,115.3 1 0
github.com/zcubbs/hotpot/pkg/x/os/system.go:116.2,116.21 1 0
github.com/zcubbs/hotpot/pkg/x/os/system.go:119.37,121.16 2 0
github.com/zcubbs/hotpot/pkg/x/os/system.go:121.16,123.3 1 0
github.com/zcubbs/hotpot/pkg/x/os/system.go:125.2,125.22 1 0
github.com/zcubbs/hotpot/pkg/x/os/system.go:125.22,127.3 1 0
github.com/zcubbs/hotpot/pkg/x/os/system.go:129.2,129.12 1 0
github.com/zcubbs/hotpot/pkg/x/os/system.go:132.28,134.16 2 0
github.com/zcubbs/hotpot/pkg/x/os/system.go:134.16,136.3 1 0
github.com/zcubbs/hotpot/pkg/x/os/system.go:137.2,137.20 1 0
github.com/zcubbs/hotpot/pkg/x/os/system.go:140.47,142.16 2 0
github.com/zcubbs/hotpot/pkg/x/os/system.go:142.16,144.3 1 0
github.com/zcubbs/hotpot/pkg/x/os/system.go:146.2,146.27 1 0
github.com/zcubbs/hotpot/pkg/x/os/system.go:146.27,148.3 1 0
github.com/zcubbs/hotpot/pkg/x/os/system.go:150.2,150.12 1 0
github.com/zcubbs/hotpot/pkg/x/os/system.go:153.67,155.16 2 0
github.com/zcubbs/hotpot/pkg/x/os/system.go:155.16,157.3 1 0
github.com/zcubbs/hotpot/pkg/x/os/system.go:159.2,159.27 1 0
github.com/zcubbs/hotpot/pkg/x/os/system.go:159.27,161.3 1 0
github.com/zcubbs/hotpot/pkg/x/os/system.go:163.2,163.12 1 0
github.com/zcubbs/hotpot/pkg/x/os/system.go:166.55,168.16 2 0
github.com/zcubbs/hotpot/pkg/x/os/system.go:168.16,170.3 1 0
github.com/zcubbs/hotpot/pkg/x/os/system.go:171.2,171.24 1 0
github.com/zcubbs/hotpot/pkg/x/os/system.go:174.37,176.16 2 0
github.com/zcubbs/hotpot/pkg/x/os/system.go:176.16,178.3 1 0
github.com/zcubbs/hotpot/pkg/x/os/system.go:180.2,181.29 2 0
github.com/zcubbs/hotpot/pkg/x/os/system.go:181.29,183.17 2 0
github.com/zcubbs/hotpot/pkg/x/os/system.go:183.17,184.12 1 0
github.com/zcubbs/hotpot/pkg/x/os/system.go:186.3,186.22 1 0
github.com/zcubbs/hotpot/pkg/x/os/system.go:189.2,189.19 1 0
github.com/zcubbs/hotpot/pkg/x/os/system.go:192.38,196.2 3 0
github.com/zcubbs/hotpot/pkg/x/os/system.go:198.32,202.2 3 0
github.com/zcubbs/hotpot/pkg/x/os/system.go:204.30,208.2 3 0
github.com/zcubbs/hotpot/pkg/x/os/users.go:23.38,26.16 2 0
github.com/zcubbs/hotpot/pkg/x/os/users.go:26.16,27.13 1 0
github.com/zcubbs/hotpot/pkg/x/os/users.go:29.2,29.28 1 0
github.com/zcubbs/hotpot/pkg/x/os/users.go:29.28,31.17 2 0
github.com/zcubbs/hotpot/pkg/x/os/users.go:31.17,32.14 1 0
github.com/zcubbs/hotpot/pkg/x/os/users.go:36.2,38.15 2 0
github.com/zcubbs/hotpot/pkg/x/os/users.go:38.15,42.3 3 0
github.com/zcubbs/hotpot/pkg/x/os/users.go:43.2,43.13 1 0
github.com/zcubbs/hotpot/pkg/x/os/users.go:47.39,48.22 1 0
github.com/zcubbs/hotpot/pkg/x/os/users.go:48.22,49.13 1 0
github.com/zcubbs/hotpot/pkg/x/os/users.go:49.13,51.4 1 0
github.com/zcubbs/hotpot/pkg/x/os/users.go:53.2,53.14 1 0
github.com/zcubbs/hotpot/pkg/x/os/users.go:58.33,61.16 3 0
github.com/zcubbs/hotpot/pkg/x/os/users.go:61.16,64.3 1 0
github.com/zcubbs/hotpot/pkg/x/os/users.go:65.2,65.18 1 0
github.com/zcubbs/hotpot/pkg/x/os/users.go:69.53,73.24 2 0
github.com/zcubbs/hotpot/pkg/x/os/users.go:73.24,75.3 1 0
github.com/zcubbs/hotpot/pkg/x/os/users.go:75.8,77.3 1 0
github.com/zcubbs/hotpot/pkg/x/os/users.go:81.42,83.25 1 0
github.com/zcubbs/hotpot/pkg/x/os/users.go:83.25,84.108 1 0
github.com/zcubbs/hotpot/pkg/x/os/users.go:84.108,86.4 1 0
github.com/zcubbs/hotpot/pkg/x/os/users.go:88.2,88.12 1 0
github.com/zcubbs/hotpot/pkg/x/os/users.go:91.46,93.47 1 0
github.com/zcubbs/hotpot/pkg/x/os/users.go:93.47,95.3 1 0
github.com/zcubbs/hotpot/pkg/x/os/users.go:98.2,104.46 3 0
github.com/zcubbs/hotpot/pkg/x/os/users.go:104.46,106.3 1 0
github.com/zcubbs/hotpot/pkg/x/os/users.go:106.8,113.39 4 0
github.com/zcubbs/hotpot/pkg/x/os/users.go:113.39,115.4 1 0
github.com/zcubbs/hotpot/pkg/x/os/users.go:117.3,117.22 1 0
github.com/zcubbs/hotpot/pkg/x/os/users.go:122.43,125.24 2 0
github.com/zcubbs/hotpot/pkg/x/os/users.go:125.24,127.3 1 0
github.com/zcubbs/hotpot/pkg/x/os/users.go:127.8,129.3 1 0
github.com/zcubbs/hotpot/pkg/x/os/users.go:133.36,135.47 1 0
github.com/zcubbs/hotpot/pkg/x/os/users.go:135.47,137.3 1 0
github.com/zcubbs/hotpot/pkg/x/os/users.go:140.2,142.42 2 0
github.com/zcubbs/hotpot/pkg/x/os/users.go:142.42,144.3 1 0
github.com/zcubbs/hotpot/pkg/x/os/users.go:144.8,147.3 2 0
github.com/zcubbs/hotpot/pkg/x/pretty/pretty.go:9.31,11.2 1 0
github.com/zcubbs/hotpot/pkg/x/pretty/pretty.go:13.31,15.2 1 0
github.com/zcubbs/hotpot/pkg/x/pretty/pretty.go:17.35,19.16 2 0
github.com/zcubbs/hotpot/pkg/x/pretty/pretty.go:19.16,20.13 1 0
github.com/zcubbs/hotpot/pkg/x/pretty/pretty.go:22.2,22.10 1 0
github.com/zcubbs/hotpot/pkg/x/pretty/pretty.go:25.35,27.16 2 0
github.com/zcubbs/hotpot/pkg/x/pretty/pretty.go:27.16,28.13 1 0
github.com/zcubbs/hotpot/pkg/x/pretty/pretty.go:30.2,30.10 1 0
github.com/zcubbs/hotpot/pkg/x/style/style.go:21.74,32.2 2 0
github.com/zcubbs/hotpot/pkg/x/style/style.go:34.39,43.2 2 0
github.com/zcubbs/hotpot/pkg/x/style/style.go:45.32,53.2 2 0
github.com/zcubbs/hotpot/pkg/x/style/style.go:55.37,64.2 2 0
github.com/zcubbs/hotpot/pkg/x/style/style.go:66.30,74.2 2 0
github.com/zcubbs/hotpot/pkg/x/style/style.go:76.39,85.2 2 0
github.com/zcubbs/hotpot/pkg/x/style/style.go:87.36,96.2 2 0
github.com/zcubbs/hotpot/pkg/x/style/style.go:98.29,106.2 2 0
github.com/zcubbs/hotpot/pkg/x/style/style.go:108.37,117.2 2 0
github.com/zcubbs/hotpot/pkg/x/progress/progress.go:15.45,17.13 2 0
github.com/zcubbs/hotpot/pkg/x/progress/progress.go:17.13,19.3 1 0
github.com/zcubbs/hotpot/pkg/x/progress/progress.go:19.8,21.3 1 0
github.com/zcubbs/hotpot/pkg/x/progress/progress.go:23.2,23.16 1 0
github.com/zcubbs/hotpot/pkg/x/progress/progress.go:23.16,25.3 1 0
github.com/zcubbs/hotpot/pkg/x/progress/progress.go:25.8,27.3 1 0
github.com/zcubbs/hotpot/pkg/x/progress/progress.go:28.2,28.12 1 0
github.com/zcubbs/hotpot/pkg/x/progress/progress.go:31.42,37.12 4 0
github.com/zcubbs/hotpot/pkg/x/progress/progress.go:37.12,40.3 2 0
github.com/zcubbs/hotpot/pkg/x/progress/progress.go:43.2,49.12 4 0
github.com/zcubbs/hotpot/pkg/x/progress/progress.go:52.56,55.38 2 0
github.com/zcubbs/hotpot/pkg/x/progress/progress.go:55.38,57.3 1 0
github.com/zcubbs/hotpot/pkg/x/progress/progress.go:59.2,59.6 1 0
github.com/zcubbs/hotpot/pkg/x/progress/progress.go:59.6,60.32 1 0
github.com/zcubbs/hotpot/pkg/x/progress/progress.go:60.32,61.11 1 0
github.com/zcubbs/hotpot/pkg/x/progress/progress.go:62.22,63.41 1 0
github.com/zcubbs/hotpot/pkg/x/progress/progress.go:63.41,65.6 1 0
github.com/zcubbs/hotpot/pkg/x/progress/progress.go:66.5,66.11 1 0
github.com/zcubbs/hotpot/pkg/x/progress/progress.go:67.12,69.22 2 0
github.com/zcubbs/hotpot/pkg/x/progress/progress.go:75.29,79.2 3 0
github.com/zcubbs/hotpot/pkg/x/yaml/apply.go:9.82,11.16 2 0
github.com/zcubbs/hotpot/pkg/x/yaml/apply.go:11.16,13.3 1 0
github.com/zcubbs/hotpot/pkg/x/yaml/apply.go:14.2,15.53 2 0
github.com/zcubbs/hotpot/pkg/x/yaml/apply.go:15.53,17.3 1 0
github.com/zcubbs/hotpot/pkg/x/yaml/apply.go:20.2,20.11 1 0
github.com/zcubbs/hotpot/pkg/x/yaml/apply.go:20.11,22.3 1 0
github.com/zcubbs/hotpot/pkg/x/yaml/apply.go:23.2,23.25 1 0
github.com/zcubbs/hotpot/pkg/recipe/cook.go:16.71,19.16 2 0
github.com/zcubbs/hotpot/pkg/recipe/cook.go:19.16,21.3 1 0
github.com/zcubbs/hotpot/pkg/recipe/cook.go:24.2,24.18 1 0
github.com/zcubbs/hotpot/pkg/recipe/cook.go:24.18,26.3 1 0
github.com/zcubbs/hotpot/pkg/recipe/cook.go:29.2,29.41 1 0
github.com/zcubbs/hotpot/pkg/recipe/cook.go:29.41,31.3 1 0
github.com/zcubbs/hotpot/pkg/recipe/cook.go:34.2,34.29 1 0
github.com/zcubbs/hotpot/pkg/recipe/cook.go:34.29,35.42 1 0
github.com/zcubbs/hotpot/pkg/recipe/cook.go:35.42,37.4 1 0
github.com/zcubbs/hotpot/pkg/recipe/cook.go:41.2,42.33 1 0
github.com/zcubbs/hotpot/pkg/recipe/cook.go:42.33,42.82 1 0
github.com/zcubbs/hotpot/pkg/recipe/cook.go:43.33,43.95 1 0
github.com/zcubbs/hotpot/pkg/recipe/cook.go:44.33,44.67 1 0
github.com/zcubbs/hotpot/pkg/recipe/cook.go:46.33,46.83 1 0
github.com/zcubbs/hotpot/pkg/recipe/cook.go:47.33,47.75 1 0
github.com/zcubbs/hotpot/pkg/recipe/cook.go:48.33,48.75 1 0
github.com/zcubbs/hotpot/pkg/recipe/cook.go:49.33,49.73 1 0
github.com/zcubbs/hotpot/pkg/recipe/cook.go:52.16,54.3 1 0
github.com/zcubbs/hotpot/pkg/recipe/cook.go:57.2,57.29 1 0
github.com/zcubbs/hotpot/pkg/recipe/cook.go:57.29,58.43 1 0
github.com/zcubbs/hotpot/pkg/recipe/cook.go:58.43,60.4 1 0
github.com/zcubbs/hotpot/pkg/recipe/cook.go:63.2,63.12 1 0
github.com/zcubbs/hotpot/pkg/recipe/cook.go:66.42,67.29 1 0
github.com/zcubbs/hotpot/pkg/recipe/cook.go:67.29,68.14 1 0
github.com/zcubbs/hotpot/pkg/recipe/cook.go:68.14,69.12 1 0
github.com/zcubbs/hotpot/pkg/recipe/cook.go:71.3,71.35 1 0
github.com/zcubbs/hotpot/pkg/recipe/cook.go:71.35,73.4 1 0
github.com/zcubbs/hotpot/pkg/recipe/cook.go:76.2,76.12 1 0
github.com/zcubbs/hotpot/pkg/recipe/defaults.go:16.41,28.2 1 0
github.com/zcubbs/hotpot/pkg/recipe/defaults.go:32.57,34.2 1 0
github.com/zcubbs/hotpot/pkg/recipe/install.go:11.89,12.25 1 3
github.com/zcubbs/hotpot/pkg/recipe/install.go:12.25,13.51 1 0
github.com/zcubbs/hotpot/pkg/recipe/install.go:13.51,15.4 1 0
github.com/zcubbs/hotpot/pkg/recipe/install.go:18.2,28.16 2 3
github.com/zcubbs/hotpot/pkg/recipe/install.go:28.16,30.3 1 1
github.com/zcubbs/hotpot/pkg/recipe/install.go:33.2,34.16 2 2
github.com/zcubbs/hotpot/pkg/recipe/install.go:34.16,36.3 1 0
github.com/zcubbs/hotpot/pkg/recipe/install.go:39.2,39.16 1 2
github.com/zcubbs/hotpot/pkg/recipe/install.go:39.16,41.3 1 2
github.com/zcubbs/hotpot/pkg/recipe/install.go:43.2,43.12 1 0
github.com/zcubbs/hotpot/pkg/recipe/install.go:46.53,48.2 1 2
github.com/zcubbs/hotpot/pkg/recipe/install.go:50.63,51.33 1 2
github.com/zcubbs/hotpot/pkg/recipe/install.go:51.33,52.66 1 0
github.com/zcubbs/hotpot/pkg/recipe/install.go:52.66,54.4 1 0
github.com/zcubbs/hotpot/pkg/recipe/install.go:57.2,77.27 1 2
github.com/zcubbs/hotpot/pkg/recipe/install.go:80.65,86.2 1 2
github.com/zcubbs/hotpot/pkg/recipe/install.go:88.65,93.2 1 2
github.com/zcubbs/hotpot/pkg/recipe/install.go:95.62,96.22 1 2
github.com/zcubbs/hotpot/pkg/recipe/install.go:96.22,102.3 1 2
github.com/zcubbs/hotpot/pkg/recipe/install.go:103.2,103.12 1 0
github.com/zcubbs/hotpot/pkg/recipe/load.go:10.41,16.16 4 0
github.com/zcubbs/hotpot/pkg/recipe/load.go:16.16,18.3 1 0
github.com/zcubbs/hotpot/pkg/recipe/load.go:20.2,21.16 2 0
github.com/zcubbs/hotpot/pkg/recipe/load.go:21.16,23.3 1 0
github.com/zcubbs/hotpot/pkg/recipe/load.go:24.2,24.21 1 0
github.com/zcubbs/hotpot/pkg/recipe/load.go:27.36,34.29 6 0
github.com/zcubbs/hotpot/pkg/recipe/load.go:34.29,36.3 1 0
github.com/zcubbs/hotpot/pkg/recipe/load.go:39.32,41.2 1 0
github.com/zcubbs/hotpot/pkg/recipe/load.go:43.34,45.16 2 0
github.com/zcubbs/hotpot/pkg/recipe/load.go:45.16,48.3 2 0
github.com/zcubbs/hotpot/pkg/recipe/load.go:50.2,51.40 2 0
github.com/zcubbs/hotpot/pkg/recipe/steps.go:18.62,21.39 2 3
github.com/zcubbs/hotpot/pkg/recipe/steps.go:21.39,22.41 1 3
github.com/zcubbs/hotpot/pkg/recipe/steps.go:22.41,24.4 1 1
github.com/zcubbs/hotpot/pkg/recipe/steps.go:26.2,29.63 2 2
github.com/zcubbs/hotpot/pkg/recipe/steps.go:29.63,31.3 1 1
github.com/zcubbs/hotpot/pkg/recipe/steps.go:32.2,35.62 2 1
github.com/zcubbs/hotpot/pkg/recipe/steps.go:35.62,37.3 1 0
github.com/zcubbs/hotpot/pkg/recipe/steps.go:38.2,41.59 2 1
github.com/zcubbs/hotpot/pkg/recipe/steps.go:41.59,43.3 1 0
github.com/zcubbs/hotpot/pkg/recipe/steps.go:44.2,47.39 2 1
github.com/zcubbs/hotpot/pkg/recipe/steps.go:47.39,48.67 1 1
github.com/zcubbs/hotpot/pkg/recipe/steps.go:48.67,50.4 1 0
github.com/zcubbs/hotpot/pkg/recipe/steps.go:52.2,55.54 2 1
github.com/zcubbs/hotpot/pkg/recipe/steps.go:55.54,57.3 1 0
github.com/zcubbs/hotpot/pkg/recipe/steps.go:58.2,62.12 3 1
github.com/zcubbs/hotpot/pkg/recipe/steps.go:65.88,67.29 2 0
github.com/zcubbs/hotpot/pkg/recipe/steps.go:67.29,77.17 2 0
github.com/zcubbs/hotpot/pkg/recipe/steps.go:77.17,79.4 1 0
github.com/zcubbs/hotpot/pkg/recipe/steps.go:81.2,81.12 1 0
github.com/zcubbs/hotpot/pkg/recipe/steps.go:84.47,86.44 2 0
github.com/zcubbs/hotpot/pkg/recipe/steps.go:86.44,92.17 2 0
github.com/zcubbs/hotpot/pkg/recipe/steps.go:92.17,94.4 1 0
github.com/zcubbs/hotpot/pkg/recipe/steps.go:96.3,96.89 1 0
github.com/zcubbs/hotpot/pkg/recipe/steps.go:96.89,98.4 1 0
github.com/zcubbs/hotpot/pkg/recipe/steps.go:100.3,100.94 1 0
github.com/zcubbs/hotpot/pkg/recipe/steps.go:100.94,102.4 1 0
github.com/zcubbs/hotpot/pkg/recipe/steps.go:104.2,104.12 1 0
github.com/zcubbs/hotpot/pkg/recipe/steps.go:107.89,109.27 2 0
github.com/zcubbs/hotpot/pkg/recipe/steps.go:109.27,126.17 2 0
github.com/zcubbs/hotpot/pkg/recipe/steps.go:126.17,128.4 1 0
github.com/zcubbs/hotpot/pkg/recipe/steps.go:130.2,130.12 1 0
github.com/zcubbs/hotpot/pkg/recipe/steps.go:133.37,135.23 2 0
github.com/zcubbs/hotpot/pkg/recipe/steps.go:135.23,136.110 1 0
github.com/zcubbs/hotpot/pkg/recipe/steps.go:136.110,138.4 1 0
github.com/zcubbs/hotpot/pkg/recipe/steps.go:139.3,139.95 1 0
github.com/zcubbs/hotpot/pkg/recipe/steps.go:139.95,141.4 1 0
github.com/zcubbs/hotpot/pkg/recipe/steps.go:142.3,142.111 1 0
github.com/zcubbs/hotpot/pkg/recipe/steps.go:142.111,144.4 1 0
github.com/zcubbs/hotpot/pkg/recipe/steps.go:146.2,146.12 1 0
github.com/zcubbs/hotpot/pkg/recipe/steps.go:149.114,151.33 2 0
github.com/zcubbs/hotpot/pkg/recipe/steps.go:151.33,153.47 1 0
github.com/zcubbs/hotpot/pkg/recipe/steps.go:153.47,168.18 2 0
github.com/zcubbs/hotpot/pkg/recipe/steps.go:168.18,170.5 1 0
github.com/zcubbs/hotpot/pkg/recipe/steps.go:173.2,173.12 1 0
github.com/zcubbs/hotpot/pkg/recipe/steps.go:176.89,178.33 2 0
github.com/zcubbs/hotpot/pkg/recipe/steps.go:178.33,180.33 2 0
github.com/zcubbs/hotpot/pkg/recipe/steps.go:180.33,182.4 1 0
github.com/zcubbs/hotpot/pkg/recipe/steps.go:183.3,198.17 2 0
github.com/zcubbs/hotpot/pkg/recipe/steps.go:198.17,200.4 1 0
github.com/zcubbs/hotpot/pkg/recipe/steps.go:202.2,202.12 1 0
github.com/zcubbs/hotpot/pkg/recipe/steps.go:205.105,207.33 2 0
github.com/zcubbs/hotpot/pkg/recipe/steps.go:207.33,209.33 2 0
github.com/zcubbs/hotpot/pkg/recipe/steps.go:209.33,211.4 1 0
github.com/zcubbs/hotpot/pkg/recipe/steps.go:212.3,227.17 2 0
github.com/zcubbs/hotpot/pkg/recipe/steps.go:227.17,229.4 1 0
github.com/zcubbs/hotpot/pkg/recipe/steps.go:231.2,231.12 1 0
github.com/zcubbs/hotpot/pkg/recipe/steps.go:234.39,237.2 2 0
